<?xml version="1.0" ?>
<coverage branch-rate="0.6892" branches-covered="204" branches-valid="296" complexity="0" line-rate="0.8653"
		  lines-covered="2140" lines-valid="2473" timestamp="1580769838290" version="5.0.3">
	<!-- Generated by coverage.py: https://coverage.readthedocs.io -->
	<!-- Based on https://raw.githubusercontent.com/cobertura/web/master/htdocs/xml/coverage-04.dtd -->
	<sources>
		<source>/Users/redleader/PycharmProjects/LectureDirigeDRLimplementation/DRLimplementation/ActorCritic</source>
		<source>/Users/redleader/PycharmProjects/LectureDirigeDRLimplementation/DRLimplementation/BasicPolicyGradient
		</source>
		<source>/Users/redleader/PycharmProjects/LectureDirigeDRLimplementation/DRLimplementation/SoftActorCritic
		</source>
		<source>/Users/redleader/PycharmProjects/LectureDirigeDRLimplementation/DRLimplementation/blocAndTools</source>
	</sources>
	<packages>
		<package branch-rate="0.6706" complexity="0" line-rate="0.8741" name=".">
			<classes>
				<class branch-rate="0.5" complexity="0" filename="ActorCriticBrainSharedNetwork.py" line-rate="0.9286"
					   name="ActorCriticBrainSharedNetwork.py">
					<methods/>
					<lines>
						<line hits="1" number="2"/>
						<line hits="1" number="3"/>
						<line hits="1" number="5"/>
						<line hits="1" number="8"/>
						<line hits="1" number="10"/>
						<line hits="1" number="11"/>
						<line hits="1" number="14"/>
						<line hits="1" number="34"/>
						<line hits="1" number="35"/>
						<line branch="true" condition-coverage="50% (1/2)" hits="1" missing-branches="53" number="40"/>
						<line hits="1" number="43"/>
						<line hits="1" number="50"/>
						<line hits="0" number="53"/>
						<line hits="0" number="58"/>
						<line hits="1" number="63"/>
						<line hits="1" number="70"/>
						<line hits="1" number="75"/>
						<line hits="1" number="77"/>
						<line hits="1" number="87"/>
						<line hits="1" number="89"/>
						<line hits="1" number="106"/>
						<line hits="1" number="107"/>
						<line hits="1" number="110"/>
						<line hits="1" number="118"/>
						<line hits="1" number="120"/>
						<line hits="1" number="121"/>
						<line hits="1" number="138"/>
						<line hits="1" number="139"/>
					</lines>
				</class>
				<class branch-rate="0.5" complexity="0" filename="ActorCriticBrainSplitNetwork.py" line-rate="0.9474"
					   name="ActorCriticBrainSplitNetwork.py">
					<methods/>
					<lines>
						<line hits="1" number="2"/>
						<line hits="1" number="3"/>
						<line hits="1" number="5"/>
						<line hits="1" number="8"/>
						<line hits="1" number="10"/>
						<line hits="1" number="11"/>
						<line hits="1" number="14"/>
						<line hits="1" number="29"/>
						<line branch="true" condition-coverage="50% (1/2)" hits="1" missing-branches="50" number="32"/>
						<line hits="1" number="34"/>
						<line hits="1" number="35"/>
						<line hits="1" number="40"/>
						<line hits="1" number="47"/>
						<line hits="0" number="50"/>
						<line hits="0" number="55"/>
						<line hits="1" number="59"/>
						<line hits="1" number="62"/>
						<line hits="1" number="71"/>
						<line hits="1" number="73"/>
						<line hits="1" number="78"/>
						<line hits="1" number="80"/>
						<line hits="1" number="89"/>
						<line hits="1" number="91"/>
						<line hits="1" number="96"/>
						<line hits="1" number="102"/>
						<line hits="1" number="105"/>
						<line hits="1" number="114"/>
						<line hits="1" number="116"/>
						<line hits="1" number="120"/>
						<line hits="1" number="132"/>
						<line hits="1" number="137"/>
						<line hits="1" number="140"/>
						<line hits="1" number="148"/>
						<line hits="1" number="150"/>
						<line hits="1" number="151"/>
						<line hits="1" number="154"/>
						<line hits="1" number="160"/>
						<line hits="1" number="165"/>
					</lines>
				</class>
				<class branch-rate="0.8077" complexity="0" filename="BatchActorCriticAgent.py" line-rate="0.9744"
					   name="BatchActorCriticAgent.py">
					<methods/>
					<lines>
						<line hits="1" number="4"/>
						<line hits="1" number="6"/>
						<line hits="1" number="7"/>
						<line hits="1" number="8"/>
						<line hits="1" number="9"/>
						<line hits="1" number="11"/>
						<line hits="1" number="12"/>
						<line hits="1" number="13"/>
						<line hits="1" number="15"/>
						<line hits="1" number="16"/>
						<line hits="1" number="17"/>
						<line hits="1" number="20"/>
						<line hits="1" number="21"/>
						<line hits="1" number="23"/>
						<line hits="1" number="24"/>
						<line hits="1" number="25"/>
						<line hits="1" number="28"/>
						<line hits="1" number="29"/>
						<line hits="1" number="30"/>
						<line hits="1" number="31"/>
						<line hits="1" number="33"/>
						<line hits="1" number="37"/>
						<line hits="1" number="39"/>
						<line branch="true" condition-coverage="50% (1/2)" hits="1" missing-branches="45" number="42"/>
						<line hits="1" number="43"/>
						<line hits="0" number="45"/>
						<line hits="0" number="46"/>
						<line hits="0" number="47"/>
						<line hits="1" number="50"/>
						<line branch="true" condition-coverage="100% (2/2)" hits="1" number="53"/>
						<line hits="1" number="60"/>
						<line hits="1" number="68"/>
						<line hits="1" number="71"/>
						<line branch="true" condition-coverage="50% (1/2)" hits="1" missing-branches="93" number="73"/>
						<line hits="1" number="79"/>
						<line hits="1" number="82"/>
						<line hits="1" number="93"/>
						<line hits="1" number="101"/>
						<line hits="1" number="108"/>
						<line hits="1" number="114"/>
						<line hits="1" number="123"/>
						<line hits="1" number="124"/>
						<line hits="1" number="126"/>
						<line hits="1" number="127"/>
						<line hits="1" number="129"/>
						<line hits="1" number="132"/>
						<line hits="1" number="133"/>
						<line hits="1" number="135"/>
						<line hits="1" number="136"/>
						<line hits="1" number="138"/>
						<line hits="1" number="140"/>
						<line hits="1" number="142"/>
						<line hits="1" number="149"/>
						<line hits="1" number="151"/>
						<line hits="1" number="152"/>
						<line hits="1" number="154"/>
						<line hits="1" number="165"/>
						<line hits="1" number="167"/>
						<line hits="1" number="170"/>
						<line hits="1" number="171"/>
						<line hits="1" number="173"/>
						<line hits="1" number="181"/>
						<line branch="true" condition-coverage="100% (2/2)" hits="1" number="182"/>
						<line hits="1" number="183"/>
						<line branch="true" condition-coverage="100% (2/2)" hits="1" number="186"/>
						<line hits="1" number="187"/>
						<line hits="1" number="188"/>
						<line hits="1" number="191"/>
						<line hits="1" number="192"/>
						<line hits="1" number="193"/>
						<line hits="1" number="197"/>
						<line branch="true" condition-coverage="100% (2/2)" hits="1" number="198"/>
						<line hits="1" number="199"/>
						<line hits="1" number="201"/>
						<line branch="true" condition-coverage="50% (1/2)" hits="1" missing-branches="209"
							  number="202"/>
						<line hits="1" number="203"/>
						<line hits="1" number="205"/>
						<line hits="1" number="206"/>
						<line hits="1" number="209"/>
						<line branch="true" condition-coverage="100% (2/2)" hits="1" number="212"/>
						<line hits="1" number="213"/>
						<line branch="true" condition-coverage="50% (1/2)" hits="1" missing-branches="217"
							  number="214"/>
						<line hits="1" number="215"/>
						<line hits="1" number="217"/>
						<line branch="true" condition-coverage="100% (2/2)" hits="1" number="219"/>
						<line hits="1" number="221"/>
						<line branch="true" condition-coverage="100% (2/2)" hits="1" number="223"/>
						<line hits="1" number="225"/>
						<line branch="true" condition-coverage="50% (1/2)" hits="1" missing-branches="233"
							  number="226"/>
						<line hits="1" number="228"/>
						<line hits="1" number="230"/>
						<line hits="1" number="233"/>
						<line hits="1" number="234"/>
						<line hits="1" number="236"/>
						<line hits="1" number="238"/>
						<line hits="1" number="242"/>
						<line hits="1" number="244"/>
						<line hits="1" number="246"/>
						<line hits="1" number="249"/>
						<line hits="1" number="250"/>
						<line hits="1" number="259"/>
						<line hits="1" number="260"/>
						<line hits="1" number="262"/>
						<line hits="1" number="263"/>
						<line hits="1" number="264"/>
						<line hits="1" number="267"/>
						<line hits="1" number="271"/>
						<line hits="1" number="276"/>
						<line hits="1" number="279"/>
						<line hits="1" number="281"/>
						<line branch="true" condition-coverage="100% (2/2)" hits="1" number="286"/>
						<line hits="1" number="287"/>
						<line hits="1" number="288"/>
						<line hits="1" number="290"/>
						<line hits="1" number="298"/>
						<line hits="1" number="301"/>
						<line hits="1" number="303"/>
					</lines>
				</class>
				<class branch-rate="0.8125" complexity="0" filename="OnlineActorCriticAgent.py" line-rate="0.9655"
					   name="OnlineActorCriticAgent.py">
					<methods/>
					<lines>
						<line hits="1" number="3"/>
						<line hits="1" number="5"/>
						<line hits="1" number="7"/>
						<line hits="1" number="9"/>
						<line hits="1" number="10"/>
						<line hits="1" number="12"/>
						<line hits="1" number="13"/>
						<line hits="1" number="14"/>
						<line hits="1" number="16"/>
						<line hits="1" number="17"/>
						<line hits="1" number="18"/>
						<line hits="1" number="20"/>
						<line hits="1" number="22"/>
						<line hits="1" number="23"/>
						<line hits="1" number="24"/>
						<line hits="1" number="27"/>
						<line hits="1" number="28"/>
						<line hits="1" number="29"/>
						<line hits="1" number="30"/>
						<line hits="1" number="32"/>
						<line hits="1" number="36"/>
						<line branch="true" condition-coverage="50% (1/2)" hits="1" missing-branches="42" number="39"/>
						<line hits="1" number="40"/>
						<line hits="0" number="42"/>
						<line hits="0" number="43"/>
						<line hits="0" number="44"/>
						<line hits="1" number="47"/>
						<line branch="true" condition-coverage="100% (2/2)" hits="1" number="50"/>
						<line hits="1" number="57"/>
						<line hits="1" number="65"/>
						<line hits="1" number="68"/>
						<line branch="true" condition-coverage="50% (1/2)" hits="1" missing-branches="90" number="70"/>
						<line hits="1" number="76"/>
						<line hits="1" number="79"/>
						<line hits="1" number="90"/>
						<line hits="1" number="98"/>
						<line hits="1" number="105"/>
						<line hits="1" number="109"/>
						<line hits="1" number="118"/>
						<line hits="1" number="119"/>
						<line hits="1" number="120"/>
						<line hits="1" number="121"/>
						<line hits="1" number="123"/>
						<line hits="1" number="124"/>
						<line hits="1" number="126"/>
						<line hits="1" number="129"/>
						<line hits="1" number="130"/>
						<line hits="1" number="133"/>
						<line hits="1" number="134"/>
						<line hits="1" number="137"/>
						<line hits="1" number="140"/>
						<line hits="1" number="142"/>
						<line hits="1" number="150"/>
						<line hits="1" number="153"/>
						<line hits="1" number="154"/>
						<line hits="1" number="156"/>
						<line hits="1" number="167"/>
						<line hits="1" number="169"/>
						<line hits="1" number="172"/>
						<line hits="1" number="173"/>
						<line hits="1" number="174"/>
						<line hits="1" number="176"/>
						<line hits="1" number="184"/>
						<line branch="true" condition-coverage="100% (2/2)" hits="1" number="185"/>
						<line hits="1" number="191"/>
						<line branch="true" condition-coverage="100% (2/2)" hits="1" number="194"/>
						<line hits="1" number="195"/>
						<line hits="1" number="196"/>
						<line hits="1" number="199"/>
						<line hits="1" number="200"/>
						<line hits="1" number="201"/>
						<line hits="1" number="202"/>
						<line hits="1" number="203"/>
						<line hits="1" number="207"/>
						<line hits="1" number="208"/>
						<line hits="1" number="211"/>
						<line hits="1" number="212"/>
						<line hits="1" number="215"/>
						<line hits="1" number="218"/>
						<line hits="1" number="221"/>
						<line branch="true" condition-coverage="100% (2/2)" hits="1" number="223"/>
						<line hits="1" number="225"/>
						<line hits="1" number="226"/>
						<line hits="1" number="230"/>
						<line hits="1" number="231"/>
						<line hits="1" number="234"/>
						<line hits="1" number="236"/>
						<line hits="1" number="241"/>
						<line hits="1" number="243"/>
						<line hits="1" number="245"/>
						<line branch="true" condition-coverage="50% (1/2)" hits="1" missing-branches="248"
							  number="247"/>
						<line hits="0" number="248"/>
						<line hits="1" number="251"/>
						<line hits="1" number="252"/>
						<line hits="1" number="255"/>
						<line hits="1" number="256"/>
						<line hits="1" number="257"/>
						<line hits="1" number="259"/>
						<line hits="1" number="267"/>
						<line hits="1" number="269"/>
						<line hits="1" number="271"/>
						<line hits="1" number="278"/>
						<line hits="1" number="281"/>
						<line hits="1" number="283"/>
						<line hits="1" number="284"/>
						<line hits="1" number="286"/>
						<line hits="1" number="287"/>
						<line hits="1" number="288"/>
						<line hits="1" number="290"/>
						<line hits="1" number="295"/>
						<line hits="1" number="298"/>
						<line hits="1" number="308"/>
						<line hits="1" number="311"/>
						<line branch="true" condition-coverage="100% (2/2)" hits="1" number="315"/>
						<line hits="1" number="316"/>
						<line hits="1" number="318"/>
					</lines>
				</class>
				<class branch-rate="0.7857" complexity="0" filename="OnlineTwoInputAdvantageActorCriticAgent.py"
					   line-rate="0.9565" name="OnlineTwoInputAdvantageActorCriticAgent.py">
					<methods/>
					<lines>
						<line hits="1" number="3"/>
						<line hits="1" number="5"/>
						<line hits="1" number="7"/>
						<line hits="1" number="9"/>
						<line hits="1" number="10"/>
						<line hits="1" number="12"/>
						<line hits="1" number="13"/>
						<line hits="1" number="14"/>
						<line hits="1" number="16"/>
						<line hits="1" number="17"/>
						<line hits="1" number="18"/>
						<line hits="1" number="20"/>
						<line hits="1" number="22"/>
						<line hits="1" number="23"/>
						<line hits="1" number="24"/>
						<line hits="1" number="27"/>
						<line hits="1" number="28"/>
						<line hits="1" number="29"/>
						<line hits="1" number="30"/>
						<line hits="1" number="32"/>
						<line hits="1" number="36"/>
						<line branch="true" condition-coverage="50% (1/2)" hits="1" missing-branches="42" number="39"/>
						<line hits="1" number="40"/>
						<line hits="0" number="42"/>
						<line hits="0" number="43"/>
						<line hits="0" number="44"/>
						<line hits="1" number="47"/>
						<line hits="1" number="50"/>
						<line hits="1" number="53"/>
						<line branch="true" condition-coverage="50% (1/2)" hits="1" missing-branches="77" number="55"/>
						<line hits="1" number="62"/>
						<line hits="1" number="72"/>
						<line hits="1" number="75"/>
						<line hits="0" number="77"/>
						<line hits="1" number="100"/>
						<line hits="1" number="108"/>
						<line hits="1" number="109"/>
						<line hits="1" number="116"/>
						<line hits="1" number="120"/>
						<line hits="1" number="129"/>
						<line hits="1" number="130"/>
						<line hits="1" number="131"/>
						<line hits="1" number="132"/>
						<line hits="1" number="134"/>
						<line hits="1" number="135"/>
						<line hits="1" number="137"/>
						<line hits="1" number="140"/>
						<line hits="1" number="141"/>
						<line hits="1" number="144"/>
						<line hits="1" number="145"/>
						<line hits="1" number="148"/>
						<line hits="1" number="150"/>
						<line hits="1" number="152"/>
						<line hits="1" number="159"/>
						<line hits="1" number="162"/>
						<line hits="1" number="163"/>
						<line hits="1" number="165"/>
						<line hits="1" number="176"/>
						<line hits="1" number="178"/>
						<line hits="1" number="181"/>
						<line hits="1" number="182"/>
						<line hits="1" number="183"/>
						<line hits="1" number="185"/>
						<line hits="1" number="193"/>
						<line branch="true" condition-coverage="100% (2/2)" hits="1" number="194"/>
						<line hits="1" number="200"/>
						<line branch="true" condition-coverage="100% (2/2)" hits="1" number="203"/>
						<line hits="1" number="204"/>
						<line hits="1" number="205"/>
						<line hits="1" number="208"/>
						<line hits="1" number="209"/>
						<line hits="1" number="210"/>
						<line hits="1" number="211"/>
						<line hits="1" number="212"/>
						<line hits="1" number="216"/>
						<line hits="1" number="217"/>
						<line hits="1" number="219"/>
						<line hits="1" number="222"/>
						<line hits="1" number="225"/>
						<line hits="1" number="227"/>
						<line branch="true" condition-coverage="100% (2/2)" hits="1" number="229"/>
						<line hits="1" number="231"/>
						<line hits="1" number="232"/>
						<line hits="1" number="235"/>
						<line hits="1" number="236"/>
						<line hits="1" number="240"/>
						<line hits="1" number="242"/>
						<line hits="1" number="247"/>
						<line hits="1" number="249"/>
						<line hits="1" number="251"/>
						<line branch="true" condition-coverage="50% (1/2)" hits="1" missing-branches="254"
							  number="253"/>
						<line hits="0" number="254"/>
						<line hits="1" number="257"/>
						<line hits="1" number="258"/>
						<line hits="1" number="261"/>
						<line hits="1" number="262"/>
						<line hits="1" number="263"/>
						<line hits="1" number="265"/>
						<line hits="1" number="273"/>
						<line hits="1" number="275"/>
						<line hits="1" number="277"/>
						<line hits="1" number="284"/>
						<line hits="1" number="287"/>
						<line hits="1" number="289"/>
						<line hits="1" number="290"/>
						<line hits="1" number="292"/>
						<line hits="1" number="293"/>
						<line hits="1" number="295"/>
						<line hits="1" number="303"/>
						<line hits="1" number="306"/>
						<line hits="1" number="316"/>
						<line branch="true" condition-coverage="100% (2/2)" hits="1" number="320"/>
						<line hits="1" number="321"/>
						<line hits="1" number="324"/>
						<line hits="1" number="325"/>
					</lines>
				</class>
				<class branch-rate="1" complexity="0" filename="REINFORCEagent.py" line-rate="1"
					   name="REINFORCEagent.py">
					<methods/>
					<lines>
						<line hits="1" number="2"/>
						<line hits="1" number="36"/>
						<line hits="1" number="39"/>
						<line hits="1" number="40"/>
						<line hits="1" number="42"/>
						<line hits="1" number="44"/>
						<line hits="1" number="45"/>
						<line hits="1" number="46"/>
						<line hits="1" number="47"/>
						<line hits="1" number="48"/>
						<line hits="1" number="49"/>
						<line hits="1" number="50"/>
						<line hits="1" number="52"/>
						<line hits="1" number="53"/>
						<line hits="1" number="54"/>
						<line hits="1" number="58"/>
						<line hits="1" number="60"/>
						<line hits="1" number="61"/>
						<line hits="1" number="62"/>
						<line hits="1" number="64"/>
						<line hits="1" number="71"/>
						<line hits="1" number="74"/>
						<line hits="1" number="75"/>
						<line hits="1" number="76"/>
						<line hits="1" number="79"/>
						<line hits="1" number="80"/>
						<line hits="1" number="81"/>
						<line hits="1" number="82"/>
						<line hits="1" number="83"/>
						<line hits="1" number="86"/>
						<line hits="1" number="87"/>
						<line hits="1" number="89"/>
						<line hits="1" number="96"/>
						<line hits="1" number="97"/>
						<line hits="1" number="98"/>
						<line hits="1" number="100"/>
						<line hits="1" number="111"/>
						<line hits="1" number="114"/>
						<line hits="1" number="115"/>
						<line hits="1" number="116"/>
						<line hits="1" number="117"/>
						<line hits="1" number="119"/>
						<line branch="true" condition-coverage="100% (2/2)" hits="1" number="127"/>
						<line hits="1" number="128"/>
						<line branch="true" condition-coverage="100% (2/2)" hits="1" number="131"/>
						<line hits="1" number="132"/>
						<line hits="1" number="133"/>
						<line hits="1" number="136"/>
						<line hits="1" number="137"/>
						<line hits="1" number="141"/>
						<line hits="1" number="142"/>
						<line hits="1" number="145"/>
						<line hits="1" number="146"/>
						<line hits="1" number="156"/>
						<line hits="1" number="157"/>
						<line branch="true" condition-coverage="100% (2/2)" hits="1" number="159"/>
						<line hits="1" number="161"/>
						<line hits="1" number="164"/>
						<line hits="1" number="165"/>
						<line hits="1" number="166"/>
						<line hits="1" number="168"/>
						<line hits="1" number="170"/>
						<line hits="1" number="173"/>
						<line hits="1" number="174"/>
						<line hits="1" number="183"/>
						<line hits="1" number="184"/>
						<line hits="1" number="186"/>
						<line hits="1" number="187"/>
						<line hits="1" number="188"/>
						<line hits="1" number="193"/>
						<line hits="1" number="196"/>
						<line hits="1" number="199"/>
						<line hits="1" number="207"/>
						<line hits="1" number="210"/>
						<line hits="1" number="212"/>
					</lines>
				</class>
				<class branch-rate="0.5" complexity="0" filename="REINFORCEbrain.py" line-rate="0.875"
					   name="REINFORCEbrain.py">
					<methods/>
					<lines>
						<line hits="1" number="2"/>
						<line hits="1" number="3"/>
						<line hits="1" number="5"/>
						<line hits="1" number="8"/>
						<line hits="1" number="9"/>
						<line hits="1" number="12"/>
						<line hits="1" number="33"/>
						<line hits="1" number="36"/>
						<line branch="true" condition-coverage="50% (1/2)" hits="1" missing-branches="59" number="43"/>
						<line hits="1" number="46"/>
						<line hits="1" number="47"/>
						<line hits="1" number="52"/>
						<line hits="1" number="55"/>
						<line hits="0" number="59"/>
						<line hits="0" number="64"/>
						<line hits="1" number="68"/>
					</lines>
				</class>
				<class branch-rate="0.775" complexity="0" filename="SoftActorCriticAgent.py" line-rate="0.9726"
					   name="SoftActorCriticAgent.py">
					<methods/>
					<lines>
						<line hits="1" number="4"/>
						<line hits="1" number="6"/>
						<line hits="1" number="8"/>
						<line hits="1" number="9"/>
						<line hits="1" number="10"/>
						<line hits="1" number="12"/>
						<line hits="1" number="13"/>
						<line hits="1" number="17"/>
						<line hits="1" number="18"/>
						<line hits="1" number="19"/>
						<line hits="1" number="20"/>
						<line hits="1" number="21"/>
						<line hits="1" number="22"/>
						<line hits="1" number="23"/>
						<line hits="1" number="24"/>
						<line hits="1" number="25"/>
						<line hits="1" number="26"/>
						<line hits="1" number="28"/>
						<line hits="1" number="29"/>
						<line hits="1" number="30"/>
						<line hits="1" number="55"/>
						<line hits="1" number="57"/>
						<line hits="1" number="58"/>
						<line hits="1" number="59"/>
						<line hits="1" number="61"/>
						<line hits="1" number="64"/>
						<line hits="1" number="68"/>
						<line hits="1" number="71"/>
						<line hits="1" number="72"/>
						<line hits="1" number="73"/>
						<line hits="1" number="75"/>
						<line hits="1" number="76"/>
						<line hits="1" number="80"/>
						<line hits="1" number="82"/>
						<line hits="1" number="85"/>
						<line branch="true" condition-coverage="50% (1/2)" hits="1" missing-branches="94" number="88"/>
						<line hits="1" number="89"/>
						<line hits="1" number="90"/>
						<line hits="1" number="94"/>
						<line hits="1" number="95"/>
						<line hits="1" number="98"/>
						<line hits="1" number="100"/>
						<line hits="1" number="105"/>
						<line hits="1" number="106"/>
						<line hits="1" number="108"/>
						<line hits="1" number="116"/>
						<line hits="1" number="121"/>
						<line hits="1" number="123"/>
						<line hits="1" number="124"/>
						<line hits="1" number="129"/>
						<line hits="1" number="130"/>
						<line hits="1" number="131"/>
						<line hits="1" number="133"/>
						<line hits="1" number="135"/>
						<line hits="1" number="142"/>
						<line hits="1" number="144"/>
						<line hits="1" number="147"/>
						<line hits="1" number="149"/>
						<line hits="1" number="152"/>
						<line hits="1" number="154"/>
						<line hits="1" number="157"/>
						<line hits="1" number="159"/>
						<line hits="1" number="163"/>
						<line hits="1" number="164"/>
						<line hits="1" number="166"/>
						<line hits="1" number="167"/>
						<line hits="1" number="169"/>
						<line hits="1" number="170"/>
						<line hits="1" number="172"/>
						<line hits="1" number="173"/>
						<line hits="1" number="177"/>
						<line hits="1" number="178"/>
						<line hits="1" number="186"/>
						<line hits="1" number="187"/>
						<line hits="1" number="189"/>
						<line hits="1" number="191"/>
						<line hits="1" number="193"/>
						<line hits="1" number="194"/>
						<line hits="1" number="196"/>
						<line hits="1" number="197"/>
						<line hits="1" number="199"/>
						<line hits="1" number="202"/>
						<line hits="1" number="220"/>
						<line hits="1" number="222"/>
						<line branch="true" condition-coverage="100% (2/2)" hits="1" number="231"/>
						<line hits="1" number="233"/>
						<line hits="1" number="236"/>
						<line hits="1" number="238"/>
						<line hits="1" number="239"/>
						<line hits="1" number="240"/>
						<line hits="1" number="242"/>
						<line hits="1" number="244"/>
						<line hits="1" number="246"/>
						<line hits="1" number="248"/>
						<line hits="1" number="256"/>
						<line hits="1" number="257"/>
						<line hits="1" number="258"/>
						<line hits="1" number="259"/>
						<line hits="1" number="260"/>
						<line hits="1" number="263"/>
						<line hits="1" number="264"/>
						<line branch="true" condition-coverage="100% (2/2)" hits="1" number="265"/>
						<line hits="1" number="266"/>
						<line hits="1" number="267"/>
						<line hits="1" number="268"/>
						<line hits="1" number="269"/>
						<line hits="1" number="271"/>
						<line hits="1" number="274"/>
						<line hits="1" number="275"/>
						<line hits="1" number="276"/>
						<line hits="1" number="278"/>
						<line hits="1" number="285"/>
						<line hits="1" number="288"/>
						<line branch="true" condition-coverage="100% (2/2)" hits="1" number="289"/>
						<line hits="1" number="290"/>
						<line hits="1" number="291"/>
						<line hits="1" number="293"/>
						<line hits="1" number="294"/>
						<line branch="true" condition-coverage="100% (2/2)" hits="1" number="297"/>
						<line hits="1" number="298"/>
						<line hits="1" number="299"/>
						<line hits="1" number="301"/>
						<line hits="1" number="303"/>
						<line hits="1" number="304"/>
						<line branch="true" condition-coverage="100% (2/2)" hits="1" number="306"/>
						<line hits="1" number="308"/>
						<line hits="1" number="311"/>
						<line hits="1" number="313"/>
						<line hits="1" number="316"/>
						<line hits="1" number="318"/>
						<line branch="true" condition-coverage="100% (2/2)" hits="1" number="320"/>
						<line hits="1" number="323"/>
						<line branch="true" condition-coverage="100% (2/2)" hits="1" number="325"/>
						<line hits="1" number="327"/>
						<line hits="1" number="328"/>
						<line hits="1" number="341"/>
						<line branch="true" condition-coverage="50% (1/2)" hits="1" missing-branches="352"
							  number="348"/>
						<line hits="1" number="349"/>
						<line branch="true" condition-coverage="50% (1/2)" hits="1" missing-branches="289"
							  number="352"/>
						<line hits="1" number="355"/>
						<line hits="1" number="356"/>
						<line hits="1" number="357"/>
						<line hits="1" number="359"/>
						<line hits="1" number="377"/>
						<line hits="1" number="395"/>
						<line hits="1" number="398"/>
						<line hits="1" number="400"/>
						<line hits="1" number="402"/>
						<line hits="1" number="409"/>
						<line hits="1" number="412"/>
						<line hits="1" number="414"/>
						<line hits="1" number="416"/>
						<line hits="1" number="418"/>
						<line hits="1" number="419"/>
						<line hits="1" number="420"/>
						<line hits="1" number="422"/>
						<line branch="true" condition-coverage="100% (2/2)" hits="1" number="426"/>
						<line hits="1" number="427"/>
						<line hits="1" number="428"/>
						<line hits="1" number="432"/>
						<line hits="1" number="433"/>
						<line hits="1" number="436"/>
						<line hits="1" number="438"/>
						<line hits="1" number="441"/>
						<line hits="1" number="442"/>
						<line hits="1" number="445"/>
						<line hits="1" number="448"/>
						<line branch="true" condition-coverage="50% (1/2)" hits="1" missing-branches="465"
							  number="450"/>
						<line hits="1" number="451"/>
						<line hits="1" number="452"/>
						<line branch="true" condition-coverage="100% (2/2)" hits="1" number="453"/>
						<line hits="1" number="454"/>
						<line branch="true" condition-coverage="0% (0/2)" hits="0" missing-branches="466,470"
							  number="465"/>
						<line hits="0" number="466"/>
						<line hits="1" number="470"/>
						<line hits="1" number="472"/>
						<line hits="1" number="483"/>
						<line hits="1" number="484"/>
						<line hits="1" number="485"/>
						<line hits="1" number="486"/>
						<line hits="1" number="487"/>
						<line branch="true" condition-coverage="100% (2/2)" hits="1" number="494"/>
						<line hits="1" number="495"/>
						<line hits="1" number="498"/>
						<line hits="1" number="500"/>
						<line hits="1" number="502"/>
						<line hits="1" number="503"/>
						<line hits="1" number="505"/>
						<line branch="true" condition-coverage="100% (2/2)" hits="1" number="506"/>
						<line hits="1" number="507"/>
						<line hits="1" number="512"/>
						<line branch="true" condition-coverage="100% (2/2)" hits="1" number="513"/>
						<line hits="1" number="514"/>
						<line hits="1" number="515"/>
						<line hits="1" number="517"/>
						<line hits="1" number="518"/>
						<line hits="1" number="520"/>
						<line hits="1" number="526"/>
						<line hits="1" number="527"/>
						<line hits="1" number="529"/>
						<line hits="1" number="530"/>
						<line hits="1" number="532"/>
						<line hits="1" number="535"/>
						<line hits="1" number="537"/>
						<line branch="true" condition-coverage="50% (1/2)" hits="1" missing-branches="541"
							  number="539"/>
						<line hits="0" number="541"/>
						<line hits="1" number="542"/>
						<line hits="1" number="544"/>
						<line branch="true" condition-coverage="50% (1/2)" hits="1" missing-branches="546"
							  number="545"/>
						<line hits="0" number="546"/>
						<line hits="0" number="547"/>
						<line branch="true" condition-coverage="50% (1/2)" hits="1" missing-branches="549"
							  number="548"/>
						<line hits="0" number="549"/>
						<line hits="1" number="550"/>
						<line hits="1" number="552"/>
						<line hits="1" number="554"/>
						<line hits="1" number="556"/>
						<line hits="1" number="557"/>
						<line hits="1" number="558"/>
					</lines>
				</class>
				<class branch-rate="0.5" complexity="0" filename="SoftActorCriticBrain.py" line-rate="0.9286"
					   name="SoftActorCriticBrain.py">
					<methods/>
					<lines>
						<line hits="1" number="3"/>
						<line hits="1" number="5"/>
						<line hits="1" number="6"/>
						<line hits="1" number="7"/>
						<line hits="1" number="8"/>
						<line hits="1" number="10"/>
						<line hits="1" number="15"/>
						<line hits="1" number="16"/>
						<line hits="1" number="21"/>
						<line hits="1" number="22"/>
						<line hits="1" number="24"/>
						<line hits="1" number="25"/>
						<line hits="1" number="26"/>
						<line hits="1" number="27"/>
						<line hits="1" number="30"/>
						<line hits="1" number="52"/>
						<line hits="1" number="69"/>
						<line hits="1" number="71"/>
						<line hits="1" number="73"/>
						<line hits="1" number="75"/>
						<line hits="1" number="76"/>
						<line hits="1" number="80"/>
						<line branch="true" condition-coverage="50% (1/2)" hits="1" missing-branches="102"
							  number="101"/>
						<line hits="0" number="102"/>
						<line branch="true" condition-coverage="50% (1/2)" hits="1" missing-branches="174"
							  number="105"/>
						<line hits="1" number="107"/>
						<line hits="1" number="108"/>
						<line branch="true" condition-coverage="50% (1/2)" hits="1" missing-branches="114"
							  number="113"/>
						<line hits="0" number="114"/>
						<line hits="0" number="115"/>
						<line hits="0" number="123"/>
						<line hits="0" number="127"/>
						<line hits="1" number="132"/>
						<line hits="1" number="133"/>
						<line hits="1" number="144"/>
						<line hits="1" number="151"/>
						<line hits="1" number="160"/>
						<line hits="1" number="164"/>
						<line hits="1" number="168"/>
						<line hits="1" number="169"/>
						<line hits="0" number="174"/>
						<line hits="1" number="178"/>
						<line hits="1" number="182"/>
						<line branch="true" condition-coverage="50% (1/2)" hits="1" missing-branches="193"
							  number="192"/>
						<line hits="0" number="193"/>
						<line hits="1" number="195"/>
						<line hits="1" number="198"/>
						<line hits="1" number="205"/>
						<line hits="1" number="211"/>
						<line hits="1" number="212"/>
						<line hits="1" number="213"/>
						<line hits="1" number="216"/>
						<line branch="true" condition-coverage="50% (1/2)" hits="1" missing-branches="227"
							  number="226"/>
						<line hits="0" number="227"/>
						<line hits="1" number="229"/>
						<line hits="1" number="231"/>
						<line hits="1" number="232"/>
						<line hits="1" number="233"/>
						<line hits="1" number="239"/>
						<line hits="1" number="241"/>
						<line hits="1" number="242"/>
						<line hits="1" number="243"/>
						<line hits="1" number="249"/>
						<line hits="1" number="251"/>
						<line hits="1" number="254"/>
						<line hits="1" number="271"/>
						<line hits="1" number="274"/>
						<line hits="1" number="275"/>
						<line hits="1" number="277"/>
						<line hits="1" number="279"/>
						<line hits="1" number="283"/>
						<line hits="1" number="284"/>
						<line hits="1" number="287"/>
						<line hits="1" number="292"/>
						<line hits="1" number="295"/>
						<line hits="1" number="307"/>
						<line hits="1" number="312"/>
						<line hits="1" number="313"/>
						<line hits="1" number="315"/>
						<line hits="1" number="316"/>
						<line hits="1" number="319"/>
						<line hits="1" number="320"/>
						<line hits="1" number="322"/>
						<line hits="1" number="323"/>
						<line hits="1" number="326"/>
						<line hits="1" number="331"/>
						<line hits="1" number="336"/>
						<line hits="1" number="339"/>
						<line hits="1" number="353"/>
						<line hits="1" number="365"/>
						<line hits="1" number="370"/>
						<line hits="1" number="376"/>
						<line hits="1" number="377"/>
						<line hits="1" number="379"/>
						<line hits="1" number="384"/>
						<line hits="1" number="387"/>
						<line hits="1" number="393"/>
						<line hits="1" number="394"/>
						<line hits="1" number="395"/>
						<line hits="1" number="398"/>
						<line hits="1" number="403"/>
						<line hits="1" number="404"/>
						<line hits="1" number="405"/>
						<line hits="1" number="408"/>
						<line hits="1" number="413"/>
						<line hits="1" number="414"/>
						<line hits="1" number="415"/>
						<line hits="1" number="416"/>
						<line hits="1" number="417"/>
						<line hits="1" number="418"/>
						<line hits="1" number="421"/>
						<line hits="1" number="422"/>
					</lines>
				</class>
				<class branch-rate="0.7222" complexity="0" filename="agent.py" line-rate="0.8929" name="agent.py">
					<methods/>
					<lines>
						<line hits="1" number="2"/>
						<line hits="1" number="3"/>
						<line hits="1" number="5"/>
						<line hits="1" number="6"/>
						<line hits="1" number="7"/>
						<line hits="1" number="8"/>
						<line hits="1" number="9"/>
						<line hits="1" number="11"/>
						<line hits="1" number="12"/>
						<line hits="1" number="13"/>
						<line hits="1" number="14"/>
						<line hits="1" number="15"/>
						<line hits="1" number="17"/>
						<line hits="1" number="18"/>
						<line hits="1" number="34"/>
						<line hits="1" number="36"/>
						<line branch="true" condition-coverage="100% (2/2)" hits="1" number="46"/>
						<line hits="1" number="47"/>
						<line hits="1" number="49"/>
						<line hits="1" number="51"/>
						<line hits="1" number="53"/>
						<line hits="1" number="54"/>
						<line hits="0" number="55"/>
						<line hits="1" number="56"/>
						<line hits="1" number="57"/>
						<line hits="1" number="61"/>
						<line hits="1" number="62"/>
						<line hits="1" number="64"/>
						<line hits="1" number="66"/>
						<line hits="1" number="67"/>
						<line hits="1" number="68"/>
						<line hits="1" number="71"/>
						<line hits="1" number="72"/>
						<line hits="1" number="73"/>
						<line hits="1" number="75"/>
						<line hits="1" number="79"/>
						<line hits="1" number="92"/>
						<line hits="1" number="97"/>
						<line hits="1" number="105"/>
						<line hits="1" number="107"/>
						<line hits="1" number="111"/>
						<line hits="1" number="114"/>
						<line hits="1" number="117"/>
						<line hits="1" number="118"/>
						<line hits="1" number="119"/>
						<line hits="0" number="120"/>
						<line hits="0" number="121"/>
						<line branch="true" condition-coverage="100% (2/2)" hits="1" number="124"/>
						<line hits="1" number="125"/>
						<line hits="1" number="128"/>
						<line hits="1" number="130"/>
						<line hits="1" number="131"/>
						<line hits="1" number="133"/>
						<line hits="1" number="134"/>
						<line hits="1" number="148"/>
						<line hits="1" number="153"/>
						<line hits="1" number="174"/>
						<line hits="1" number="177"/>
						<line hits="1" number="178"/>
						<line hits="1" number="195"/>
						<line hits="1" number="197"/>
						<line hits="1" number="198"/>
						<line hits="1" number="199"/>
						<line hits="1" number="200"/>
						<line hits="1" number="202"/>
						<line hits="1" number="207"/>
						<line branch="true" condition-coverage="100% (2/2)" hits="1" number="208"/>
						<line hits="1" number="209"/>
						<line hits="1" number="211"/>
						<line branch="true" condition-coverage="50% (1/2)" hits="1" missing-branches="213"
							  number="212"/>
						<line hits="0" number="213"/>
						<line hits="0" number="214"/>
						<line hits="0" number="215"/>
						<line hits="1" number="218"/>
						<line branch="true" condition-coverage="50% (1/2)" hits="1" missing-branches="221"
							  number="220"/>
						<line hits="0" number="221"/>
						<line branch="true" condition-coverage="50% (1/2)" hits="1" missing-branches="223"
							  number="222"/>
						<line hits="0" number="223"/>
						<line hits="1" number="226"/>
						<line hits="1" number="227"/>
						<line hits="1" number="229"/>
						<line hits="1" number="231"/>
						<line branch="true" condition-coverage="100% (2/2)" hits="1" number="233"/>
						<line hits="1" number="234"/>
						<line hits="1" number="235"/>
						<line hits="1" number="237"/>
						<line hits="1" number="244"/>
						<line hits="1" number="245"/>
						<line hits="1" number="246"/>
						<line hits="1" number="247"/>
						<line hits="1" number="249"/>
						<line branch="true" condition-coverage="50% (1/2)" hits="1" missing-branches="252"
							  number="251"/>
						<line hits="0" number="252"/>
						<line hits="1" number="254"/>
						<line hits="1" number="256"/>
						<line hits="1" number="257"/>
						<line hits="1" number="258"/>
						<line hits="1" number="260"/>
						<line hits="1" number="261"/>
						<line hits="1" number="263"/>
						<line hits="1" number="265"/>
						<line hits="1" number="266"/>
						<line hits="1" number="268"/>
						<line branch="true" condition-coverage="50% (1/2)" hits="1" missing-branches="272"
							  number="269"/>
						<line hits="1" number="270"/>
						<line hits="0" number="272"/>
						<line hits="0" number="273"/>
						<line hits="0" number="274"/>
						<line hits="1" number="276"/>
						<line hits="1" number="279"/>
						<line hits="1" number="281"/>
						<line hits="1" number="282"/>
					</lines>
				</class>
				<class branch-rate="0.6875" complexity="0" filename="buildingbloc.py" line-rate="0.8916"
					   name="buildingbloc.py">
					<methods/>
					<lines>
						<line hits="1" number="2"/>
						<line hits="1" number="3"/>
						<line hits="1" number="4"/>
						<line hits="1" number="5"/>
						<line hits="1" number="6"/>
						<line hits="1" number="7"/>
						<line hits="1" number="8"/>
						<line hits="1" number="9"/>
						<line hits="1" number="11"/>
						<line hits="1" number="13"/>
						<line hits="1" number="14"/>
						<line hits="1" number="15"/>
						<line hits="1" number="18"/>
						<line hits="1" number="20"/>
						<line hits="1" number="35"/>
						<line hits="1" number="36"/>
						<line hits="1" number="37"/>
						<line hits="1" number="38"/>
						<line hits="1" number="39"/>
						<line hits="1" number="41"/>
						<line hits="1" number="42"/>
						<line hits="1" number="43"/>
						<line hits="1" number="44"/>
						<line hits="1" number="46"/>
						<line hits="1" number="47"/>
						<line hits="1" number="48"/>
						<line hits="1" number="49"/>
						<line hits="1" number="50"/>
						<line hits="1" number="52"/>
						<line hits="1" number="53"/>
						<line hits="1" number="54"/>
						<line hits="1" number="55"/>
						<line hits="1" number="57"/>
						<line hits="1" number="58"/>
						<line hits="1" number="59"/>
						<line hits="1" number="61"/>
						<line hits="1" number="63"/>
						<line hits="1" number="65"/>
						<line branch="true" condition-coverage="50% (1/2)" hits="1" missing-branches="68" number="67"/>
						<line branch="true" condition-coverage="0% (0/2)" hits="0" missing-branches="69,73"
							  number="68"/>
						<line hits="0" number="69"/>
						<line hits="1" number="71"/>
						<line branch="true" condition-coverage="100% (2/2)" hits="1" number="73"/>
						<line branch="true" condition-coverage="50% (1/2)" hits="1" missing-branches="exit"
							  number="74"/>
						<line hits="1" number="75"/>
						<line hits="1" number="77"/>
						<line hits="1" number="79"/>
						<line hits="1" number="94"/>
						<line hits="1" number="96"/>
						<line branch="true" condition-coverage="100% (2/2)" hits="1" number="105"/>
						<line hits="1" number="107"/>
						<line hits="1" number="109"/>
						<line branch="true" condition-coverage="50% (1/2)" hits="1" missing-branches="114"
							  number="111"/>
						<line hits="1" number="112"/>
						<line hits="1" number="113"/>
						<line hits="1" number="114"/>
						<line hits="1" number="121"/>
						<line hits="0" number="129"/>
						<line hits="1" number="137"/>
						<line hits="0" number="143"/>
						<line hits="1" number="151"/>
						<line hits="1" number="171"/>
						<line hits="1" number="172"/>
						<line hits="1" number="173"/>
						<line branch="true" condition-coverage="100% (2/2)" hits="1" number="174"/>
						<line hits="1" number="175"/>
						<line hits="1" number="176"/>
						<line hits="1" number="177"/>
						<line hits="1" number="180"/>
						<line hits="1" number="181"/>
						<line branch="true" condition-coverage="100% (2/2)" hits="1" number="182"/>
						<line hits="1" number="183"/>
						<line hits="1" number="184"/>
						<line hits="1" number="185"/>
						<line hits="1" number="188"/>
						<line hits="1" number="190"/>
						<line hits="1" number="240"/>
						<line hits="1" number="241"/>
						<line hits="1" number="243"/>
						<line hits="1" number="245"/>
						<line branch="true" condition-coverage="100% (2/2)" hits="1" number="246"/>
						<line hits="1" number="247"/>
						<line hits="1" number="248"/>
						<line hits="1" number="249"/>
						<line hits="1" number="250"/>
						<line hits="1" number="252"/>
						<line hits="1" number="253"/>
						<line hits="1" number="254"/>
						<line hits="1" number="256"/>
						<line hits="1" number="257"/>
						<line hits="1" number="258"/>
						<line hits="1" number="259"/>
						<line hits="1" number="276"/>
						<line hits="1" number="278"/>
						<line branch="true" condition-coverage="100% (2/2)" hits="1" number="279"/>
						<line hits="1" number="280"/>
						<line branch="true" condition-coverage="100% (2/2)" hits="1" number="281"/>
						<line hits="1" number="282"/>
						<line hits="1" number="283"/>
						<line hits="1" number="284"/>
						<line hits="1" number="286"/>
						<line hits="1" number="290"/>
						<line hits="1" number="291"/>
						<line hits="1" number="292"/>
						<line hits="1" number="293"/>
						<line hits="1" number="295"/>
						<line hits="1" number="296"/>
						<line hits="1" number="297"/>
						<line hits="1" number="299"/>
						<line hits="1" number="305"/>
						<line hits="1" number="308"/>
						<line hits="1" number="329"/>
						<line hits="1" number="331"/>
						<line hits="1" number="333"/>
						<line hits="1" number="336"/>
						<line hits="1" number="342"/>
						<line hits="1" number="343"/>
						<line hits="1" number="344"/>
						<line hits="1" number="345"/>
						<line branch="true" condition-coverage="100% (2/2)" hits="1" number="348"/>
						<line hits="1" number="349"/>
						<line hits="1" number="355"/>
						<line hits="1" number="360"/>
						<line hits="1" number="363"/>
						<line hits="1" number="387"/>
						<line hits="1" number="391"/>
						<line hits="1" number="392"/>
						<line hits="1" number="393"/>
						<line hits="1" number="395"/>
						<line hits="1" number="396"/>
						<line hits="1" number="399"/>
						<line branch="true" condition-coverage="100% (2/2)" hits="1" number="403"/>
						<line hits="1" number="404"/>
						<line hits="1" number="408"/>
						<line hits="1" number="410"/>
						<line hits="1" number="415"/>
						<line hits="1" number="418"/>
						<line hits="1" number="419"/>
						<line hits="1" number="420"/>
						<line branch="true" condition-coverage="100% (2/2)" hits="1" number="421"/>
						<line hits="1" number="422"/>
						<line hits="1" number="424"/>
						<line hits="1" number="425"/>
						<line hits="1" number="428"/>
						<line hits="1" number="430"/>
						<line branch="true" condition-coverage="100% (2/2)" hits="1" number="431"/>
						<line hits="1" number="432"/>
						<line hits="1" number="434"/>
						<line hits="1" number="436"/>
						<line hits="1" number="439"/>
						<line hits="1" number="452"/>
						<line hits="1" number="454"/>
						<line hits="1" number="456"/>
						<line branch="true" condition-coverage="50% (1/2)" hits="1" missing-branches="459"
							  number="458"/>
						<line hits="0" number="459"/>
						<line hits="1" number="461"/>
						<line hits="1" number="463"/>
						<line hits="1" number="465"/>
						<line hits="1" number="468"/>
						<line hits="1" number="470"/>
						<line branch="true" condition-coverage="100% (2/2)" hits="1" number="472"/>
						<line hits="1" number="474"/>
						<line hits="1" number="475"/>
						<line hits="1" number="477"/>
						<line hits="1" number="480"/>
						<line hits="1" number="483"/>
						<line hits="1" number="485"/>
						<line branch="true" condition-coverage="50% (1/2)" hits="1" missing-branches="490"
							  number="487"/>
						<line hits="1" number="489"/>
						<line hits="0" number="490"/>
						<line hits="0" number="492"/>
						<line hits="1" number="496"/>
						<line hits="1" number="499"/>
						<line hits="1" number="512"/>
						<line hits="1" number="513"/>
						<line hits="1" number="514"/>
						<line hits="1" number="516"/>
						<line hits="1" number="518"/>
						<line hits="1" number="519"/>
						<line hits="1" number="523"/>
						<line hits="1" number="527"/>
						<line hits="1" number="531"/>
						<line hits="1" number="536"/>
						<line hits="1" number="537"/>
						<line hits="1" number="538"/>
						<line hits="0" number="540"/>
						<line hits="0" number="542"/>
						<line hits="1" number="547"/>
						<line hits="1" number="552"/>
						<line hits="1" number="554"/>
						<line hits="1" number="555"/>
						<line hits="1" number="556"/>
						<line hits="1" number="563"/>
						<line hits="1" number="564"/>
						<line hits="1" number="565"/>
						<line hits="1" number="568"/>
						<line hits="1" number="573"/>
						<line hits="1" number="577"/>
						<line hits="1" number="584"/>
						<line hits="1" number="585"/>
						<line hits="1" number="586"/>
						<line hits="1" number="589"/>
						<line hits="1" number="590"/>
						<line hits="1" number="592"/>
						<line hits="1" number="593"/>
						<line branch="true" condition-coverage="50% (1/2)" hits="1" missing-branches="600"
							  number="595"/>
						<line hits="1" number="596"/>
						<line hits="1" number="597"/>
						<line hits="1" number="598"/>
						<line hits="0" number="600"/>
						<line hits="1" number="602"/>
						<line hits="1" number="604"/>
						<line branch="true" condition-coverage="100% (2/2)" hits="1" number="605"/>
						<line hits="1" number="606"/>
						<line hits="1" number="607"/>
						<line hits="1" number="608"/>
						<line hits="1" number="609"/>
						<line hits="1" number="612"/>
						<line hits="1" number="613"/>
						<line hits="1" number="616"/>
						<line hits="1" number="617"/>
						<line hits="1" number="620"/>
						<line branch="true" condition-coverage="50% (1/2)" hits="1" missing-branches="661"
							  number="656"/>
						<line hits="1" number="657"/>
						<line hits="1" number="661"/>
						<line hits="1" number="662"/>
						<line hits="1" number="666"/>
						<line hits="1" number="667"/>
						<line hits="1" number="670"/>
						<line hits="1" number="680"/>
						<line hits="1" number="683"/>
						<line hits="0" number="702"/>
						<line hits="0" number="703"/>
						<line hits="0" number="704"/>
						<line hits="0" number="705"/>
						<line hits="1" number="708"/>
						<line hits="0" number="720"/>
						<line hits="0" number="721"/>
						<line hits="0" number="722"/>
						<line branch="true" condition-coverage="0% (0/2)" hits="0" missing-branches="725,733"
							  number="724"/>
						<line hits="0" number="725"/>
						<line hits="0" number="726"/>
						<line hits="0" number="727"/>
						<line branch="true" condition-coverage="0% (0/2)" hits="0" missing-branches="729,730"
							  number="728"/>
						<line hits="0" number="729"/>
						<line branch="true" condition-coverage="0% (0/2)" hits="0" missing-branches="724,731"
							  number="730"/>
						<line hits="0" number="731"/>
						<line hits="0" number="733"/>
						<line hits="0" number="734"/>
					</lines>
				</class>
				<class branch-rate="1" complexity="0" filename="discrete_time_counter.py" line-rate="0.8286"
					   name="discrete_time_counter.py">
					<methods/>
					<lines>
						<line hits="1" number="3"/>
						<line hits="1" number="8"/>
						<line hits="1" number="10"/>
						<line hits="1" number="11"/>
						<line hits="1" number="12"/>
						<line hits="1" number="13"/>
						<line hits="1" number="17"/>
						<line hits="1" number="18"/>
						<line hits="1" number="19"/>
						<line hits="1" number="20"/>
						<line hits="1" number="21"/>
						<line hits="1" number="25"/>
						<line hits="0" number="26"/>
						<line hits="0" number="27"/>
						<line hits="1" number="29"/>
						<line hits="1" number="30"/>
						<line hits="1" number="31"/>
						<line hits="1" number="33"/>
						<line hits="1" number="35"/>
						<line hits="1" number="39"/>
						<line hits="0" number="40"/>
						<line hits="0" number="41"/>
						<line hits="1" number="43"/>
						<line hits="1" number="44"/>
						<line hits="1" number="45"/>
						<line hits="1" number="47"/>
						<line hits="1" number="49"/>
						<line hits="1" number="53"/>
						<line hits="0" number="54"/>
						<line hits="0" number="55"/>
						<line hits="1" number="57"/>
						<line hits="1" number="58"/>
						<line hits="1" number="59"/>
						<line hits="1" number="61"/>
						<line hits="1" number="63"/>
					</lines>
				</class>
				<class branch-rate="1" complexity="0" filename="experiment_clicker.py" line-rate="0.72"
					   name="experiment_clicker.py">
					<methods/>
					<lines>
						<line hits="1" number="3"/>
						<line hits="1" number="7"/>
						<line hits="1" number="9"/>
						<line hits="1" number="10"/>
						<line hits="1" number="11"/>
						<line hits="1" number="15"/>
						<line hits="0" number="16"/>
						<line hits="0" number="17"/>
						<line hits="0" number="18"/>
						<line hits="1" number="22"/>
						<line hits="1" number="23"/>
						<line hits="1" number="24"/>
						<line hits="1" number="26"/>
						<line hits="0" number="27"/>
						<line hits="0" number="28"/>
						<line hits="1" number="30"/>
						<line hits="1" number="32"/>
						<line hits="1" number="36"/>
						<line hits="1" number="37"/>
						<line hits="1" number="38"/>
						<line hits="1" number="40"/>
						<line hits="0" number="41"/>
						<line hits="0" number="42"/>
						<line hits="1" number="44"/>
						<line hits="1" number="46"/>
					</lines>
				</class>
				<class branch-rate="0" complexity="0" filename="experiment_runner.py" line-rate="0"
					   name="experiment_runner.py">
					<methods/>
					<lines>
						<line hits="0" number="2"/>
						<line hits="0" number="4"/>
						<line hits="0" number="5"/>
						<line hits="0" number="53"/>
						<line branch="true" condition-coverage="0% (0/2)" hits="0" missing-branches="71,73"
							  number="70"/>
						<line hits="0" number="71"/>
						<line hits="0" number="73"/>
						<line hits="0" number="75"/>
						<line hits="0" number="77"/>
						<line hits="0" number="79"/>
						<line hits="0" number="80"/>
						<line hits="0" number="81"/>
						<line hits="0" number="82"/>
						<line branch="true" condition-coverage="0% (0/2)" hits="0" missing-branches="85,90"
							  number="84"/>
						<line branch="true" condition-coverage="0% (0/2)" hits="0" missing-branches="84,86"
							  number="85"/>
						<line hits="0" number="86"/>
						<line hits="0" number="87"/>
						<line hits="0" number="88"/>
						<line hits="0" number="90"/>
						<line hits="0" number="92"/>
						<line hits="0" number="102"/>
						<line branch="true" condition-coverage="0% (0/2)" hits="0" missing-branches="104,106"
							  number="103"/>
						<line hits="0" number="104"/>
						<line hits="0" number="106"/>
						<line branch="true" condition-coverage="0% (0/2)" hits="0" missing-branches="108,115"
							  number="107"/>
						<line hits="0" number="108"/>
						<line hits="0" number="109"/>
						<line hits="0" number="110"/>
						<line hits="0" number="111"/>
						<line hits="0" number="112"/>
						<line hits="0" number="113"/>
						<line hits="0" number="114"/>
						<line hits="0" number="115"/>
						<line hits="0" number="118"/>
						<line hits="0" number="119"/>
						<line hits="0" number="121"/>
						<line branch="true" condition-coverage="0% (0/2)" hits="0" missing-branches="124,126"
							  number="123"/>
						<line hits="0" number="124"/>
						<line hits="0" number="126"/>
						<line hits="0" number="129"/>
						<line branch="true" condition-coverage="0% (0/2)" hits="0" missing-branches="137,139"
							  number="136"/>
						<line hits="0" number="137"/>
						<line hits="0" number="139"/>
						<line branch="true" condition-coverage="0% (0/2)" hits="0" missing-branches="141,147"
							  number="140"/>
						<line hits="0" number="141"/>
						<line hits="0" number="142"/>
						<line hits="0" number="143"/>
						<line hits="0" number="144"/>
						<line hits="0" number="145"/>
						<line hits="0" number="147"/>
						<line hits="0" number="148"/>
						<line hits="0" number="149"/>
						<line hits="0" number="152"/>
						<line branch="true" condition-coverage="0% (0/2)" hits="0" missing-branches="159,161"
							  number="158"/>
						<line branch="true" condition-coverage="0% (0/2)" hits="0" missing-branches="158,160"
							  number="159"/>
						<line hits="0" number="160"/>
						<line hits="0" number="161"/>
						<line hits="0" number="164"/>
						<line hits="0" number="165"/>
						<line hits="0" number="166"/>
						<line hits="0" number="167"/>
						<line hits="0" number="168"/>
						<line hits="0" number="169"/>
						<line hits="0" number="173"/>
						<line hits="0" number="174"/>
						<line hits="0" number="175"/>
						<line hits="0" number="176"/>
						<line hits="0" number="179"/>
						<line hits="0" number="180"/>
						<line branch="true" condition-coverage="0% (0/2)" hits="0" missing-branches="182,184"
							  number="181"/>
						<line hits="0" number="182"/>
						<line hits="0" number="184"/>
						<line hits="0" number="187"/>
						<line hits="0" number="188"/>
						<line hits="0" number="189"/>
						<line hits="0" number="190"/>
						<line branch="true" condition-coverage="0% (0/2)" hits="0" missing-branches="192,196"
							  number="191"/>
						<line hits="0" number="192"/>
						<line hits="0" number="196"/>
						<line hits="0" number="197"/>
						<line hits="0" number="199"/>
						<line hits="0" number="200"/>
						<line hits="0" number="201"/>
						<line hits="0" number="203"/>
						<line branch="true" condition-coverage="0% (0/2)" hits="0" missing-branches="exit,213"
							  number="212"/>
						<line hits="0" number="213"/>
						<line hits="0" number="216"/>
						<line hits="0" number="217"/>
						<line hits="0" number="218"/>
						<line hits="0" number="219"/>
						<line hits="0" number="220"/>
						<line branch="true" condition-coverage="0% (0/2)" hits="0" missing-branches="222,223"
							  number="221"/>
						<line hits="0" number="222"/>
						<line hits="0" number="223"/>
					</lines>
				</class>
				<class branch-rate="1" complexity="0" filename="rewardtogo.py" line-rate="1" name="rewardtogo.py">
					<methods/>
					<lines>
						<line hits="1" number="2"/>
						<line hits="1" number="4"/>
						<line hits="1" number="7"/>
						<line hits="1" number="15"/>
						<line hits="1" number="16"/>
						<line hits="1" number="17"/>
						<line hits="1" number="18"/>
						<line hits="1" number="21"/>
						<line hits="1" number="29"/>
						<line hits="1" number="30"/>
						<line hits="1" number="31"/>
						<line hits="1" number="32"/>
						<line hits="1" number="35"/>
						<line hits="1" number="42"/>
						<line hits="1" number="43"/>
						<line hits="1" number="44"/>
						<line hits="1" number="46"/>
						<line hits="1" number="47"/>
						<line branch="true" condition-coverage="100% (2/2)" hits="1" number="49"/>
						<line hits="1" number="50"/>
						<line branch="true" condition-coverage="100% (2/2)" hits="1" number="51"/>
						<line hits="1" number="52"/>
						<line hits="1" number="53"/>
						<line hits="1" number="55"/>
						<line hits="1" number="58"/>
						<line hits="1" number="65"/>
						<line hits="1" number="66"/>
						<line hits="1" number="67"/>
						<line hits="1" number="68"/>
						<line hits="1" number="70"/>
						<line hits="1" number="71"/>
						<line branch="true" condition-coverage="100% (2/2)" hits="1" number="75"/>
						<line hits="1" number="76"/>
						<line branch="true" condition-coverage="100% (2/2)" hits="1" number="77"/>
						<line hits="1" number="78"/>
						<line hits="1" number="79"/>
						<line hits="1" number="81"/>
					</lines>
				</class>
				<class branch-rate="1" complexity="0" filename="rl_vocabulary.py" line-rate="1" name="rl_vocabulary.py">
					<methods/>
					<lines>
						<line hits="1" number="3"/>
						<line hits="1" number="4"/>
						<line hits="1" number="5"/>
						<line hits="1" number="7"/>
						<line hits="1" number="8"/>
						<line hits="1" number="9"/>
						<line hits="1" number="11"/>
						<line hits="1" number="12"/>
						<line hits="1" number="13"/>
						<line hits="1" number="16"/>
						<line hits="1" number="71"/>
					</lines>
				</class>
				<class branch-rate="1" complexity="0" filename="temporal_difference_computation.py" line-rate="1"
					   name="temporal_difference_computation.py">
					<methods/>
					<lines>
						<line hits="1" number="2"/>
						<line hits="1" number="4"/>
						<line hits="1" number="7"/>
						<line hits="1" number="28"/>
						<line hits="1" number="29"/>
						<line hits="1" number="31"/>
						<line hits="1" number="32"/>
						<line hits="1" number="35"/>
						<line hits="1" number="38"/>
						<line hits="1" number="39"/>
						<line hits="1" number="40"/>
						<line hits="1" number="41"/>
						<line hits="1" number="44"/>
						<line hits="1" number="52"/>
						<line hits="1" number="53"/>
						<line hits="1" number="54"/>
						<line hits="1" number="55"/>
						<line hits="1" number="56"/>
						<line hits="1" number="57"/>
					</lines>
				</class>
				<class branch-rate="0.75" complexity="0" filename="tensorflowbloc.py" line-rate="0.8182"
					   name="tensorflowbloc.py">
					<methods/>
					<lines>
						<line hits="1" number="2"/>
						<line hits="1" number="4"/>
						<line hits="1" number="5"/>
						<line hits="1" number="7"/>
						<line hits="1" number="9"/>
						<line hits="1" number="10"/>
						<line hits="1" number="13"/>
						<line hits="1" number="19"/>
						<line branch="true" condition-coverage="100% (2/2)" hits="1" number="20"/>
						<line hits="1" number="26"/>
						<line hits="1" number="29"/>
						<line hits="0" number="53"/>
						<line hits="0" number="55"/>
						<line branch="true" condition-coverage="0% (0/2)" hits="0" missing-branches="57,59"
							  number="56"/>
						<line hits="0" number="57"/>
						<line hits="0" number="59"/>
						<line hits="0" number="61"/>
						<line hits="1" number="64"/>
						<line hits="1" number="65"/>
						<line hits="1" number="66"/>
						<line hits="1" number="68"/>
						<line hits="1" number="71"/>
						<line hits="1" number="91"/>
						<line hits="1" number="92"/>
						<line hits="1" number="93"/>
						<line branch="true" condition-coverage="100% (2/2)" hits="1" number="94"/>
						<line hits="1" number="95"/>
						<line hits="1" number="98"/>
						<line branch="true" condition-coverage="100% (2/2)" hits="1" number="99"/>
						<line hits="1" number="100"/>
						<line hits="1" number="102"/>
						<line hits="1" number="105"/>
						<line hits="1" number="106"/>
					</lines>
				</class>
				<class branch-rate="0.7917" complexity="0" filename="visualisationtools.py" line-rate="0.8832"
					   name="visualisationtools.py">
					<methods/>
					<lines>
						<line hits="1" number="2"/>
						<line hits="1" number="3"/>
						<line hits="1" number="5"/>
						<line hits="1" number="6"/>
						<line hits="1" number="8"/>
						<line hits="1" number="11"/>
						<line hits="1" number="12"/>
						<line hits="1" number="13"/>
						<line hits="1" number="14"/>
						<line hits="1" number="15"/>
						<line hits="1" number="17"/>
						<line branch="true" condition-coverage="100% (2/2)" hits="1" number="18"/>
						<line hits="1" number="19"/>
						<line hits="1" number="21"/>
						<line hits="1" number="22"/>
						<line hits="1" number="24"/>
						<line hits="1" number="26"/>
						<line hits="1" number="27"/>
						<line hits="1" number="28"/>
						<line hits="1" number="31"/>
						<line hits="1" number="32"/>
						<line hits="1" number="33"/>
						<line hits="1" number="34"/>
						<line hits="1" number="35"/>
						<line hits="1" number="36"/>
						<line hits="1" number="37"/>
						<line hits="1" number="38"/>
						<line hits="1" number="39"/>
						<line hits="1" number="40"/>
						<line hits="1" number="41"/>
						<line hits="1" number="42"/>
						<line hits="1" number="43"/>
						<line hits="1" number="44"/>
						<line hits="1" number="46"/>
						<line hits="1" number="47"/>
						<line hits="1" number="48"/>
						<line hits="1" number="50"/>
						<line hits="1" number="51"/>
						<line hits="1" number="53"/>
						<line hits="1" number="59"/>
						<line hits="1" number="61"/>
						<line hits="1" number="62"/>
						<line hits="1" number="63"/>
						<line hits="1" number="64"/>
						<line hits="1" number="65"/>
						<line hits="1" number="67"/>
						<line branch="true" condition-coverage="0% (0/2)" hits="0" missing-branches="exit,71"
							  number="68"/>
						<line hits="0" number="71"/>
						<line hits="1" number="73"/>
						<line hits="1" number="74"/>
						<line hits="1" number="75"/>
						<line hits="1" number="76"/>
						<line branch="true" condition-coverage="100% (2/2)" hits="1" number="78"/>
						<line hits="1" number="79"/>
						<line hits="1" number="80"/>
						<line hits="1" number="83"/>
						<line hits="1" number="85"/>
						<line hits="1" number="87"/>
						<line hits="1" number="88"/>
						<line hits="1" number="89"/>
						<line hits="1" number="90"/>
						<line hits="1" number="92"/>
						<line hits="1" number="93"/>
						<line hits="1" number="94"/>
						<line hits="1" number="96"/>
						<line branch="true" condition-coverage="50% (1/2)" hits="1" missing-branches="99" number="98"/>
						<line hits="0" number="99"/>
						<line hits="1" number="104"/>
						<line hits="1" number="106"/>
						<line branch="true" condition-coverage="100% (2/2)" hits="1" number="108"/>
						<line hits="1" number="109"/>
						<line branch="true" condition-coverage="100% (2/2)" hits="1" number="111"/>
						<line branch="true" condition-coverage="100% (2/2)" hits="1" number="112"/>
						<line hits="1" number="113"/>
						<line hits="1" number="114"/>
						<line branch="true" condition-coverage="100% (2/2)" hits="1" number="116"/>
						<line hits="1" number="117"/>
						<line hits="1" number="119"/>
						<line hits="1" number="121"/>
						<line hits="1" number="122"/>
						<line branch="true" condition-coverage="100% (2/2)" hits="1" number="124"/>
						<line hits="1" number="125"/>
						<line hits="1" number="126"/>
						<line hits="1" number="128"/>
						<line hits="1" number="136"/>
						<line hits="1" number="137"/>
						<line hits="1" number="139"/>
						<line hits="1" number="144"/>
						<line hits="1" number="145"/>
						<line hits="1" number="146"/>
						<line hits="1" number="147"/>
						<line hits="1" number="148"/>
						<line hits="1" number="150"/>
						<line hits="1" number="151"/>
						<line hits="1" number="152"/>
						<line branch="true" condition-coverage="100% (2/2)" hits="1" number="154"/>
						<line hits="1" number="155"/>
						<line hits="1" number="156"/>
						<line hits="1" number="157"/>
						<line hits="1" number="158"/>
						<line hits="1" number="167"/>
						<line branch="true" condition-coverage="50% (1/2)" hits="1" missing-branches="170"
							  number="169"/>
						<line hits="0" number="170"/>
						<line branch="true" condition-coverage="50% (1/2)" hits="1" missing-branches="174"
							  number="171"/>
						<line hits="1" number="172"/>
						<line hits="1" number="174"/>
						<line hits="1" number="175"/>
						<line hits="1" number="176"/>
						<line hits="1" number="179"/>
						<line hits="1" number="180"/>
						<line hits="1" number="181"/>
						<line hits="1" number="183"/>
						<line hits="1" number="184"/>
						<line hits="1" number="192"/>
						<line hits="1" number="194"/>
						<line hits="1" number="205"/>
						<line hits="1" number="210"/>
						<line hits="1" number="212"/>
						<line hits="1" number="213"/>
						<line hits="1" number="218"/>
						<line hits="1" number="220"/>
						<line hits="1" number="224"/>
						<line hits="1" number="232"/>
						<line hits="1" number="233"/>
						<line hits="1" number="236"/>
						<line hits="0" number="239"/>
						<line hits="0" number="241"/>
						<line hits="0" number="242"/>
						<line hits="0" number="243"/>
						<line hits="0" number="244"/>
						<line hits="0" number="246"/>
						<line hits="0" number="248"/>
						<line hits="0" number="249"/>
						<line hits="0" number="253"/>
						<line hits="0" number="254"/>
						<line hits="0" number="256"/>
						<line hits="0" number="257"/>
					</lines>
				</class>
			</classes>
		</package>
		<package branch-rate="0.7895" complexity="0" line-rate="0.8256" name="container">
			<classes>
				<class branch-rate="1" complexity="0" filename="container/batchstats.py" line-rate="1"
					   name="batchstats.py">
					<methods/>
					<lines>
						<line hits="1" number="2"/>
						<line hits="1" number="3"/>
						<line branch="true" condition-coverage="100% (2/2)" hits="1" number="6"/>
						<line hits="1" number="8"/>
						<line hits="1" number="9"/>
						<line hits="1" number="10"/>
						<line hits="1" number="11"/>
						<line hits="1" number="12"/>
						<line hits="1" number="13"/>
						<line hits="1" number="14"/>
						<line hits="1" number="15"/>
						<line hits="1" number="16"/>
						<line hits="1" number="17"/>
						<line hits="1" number="18"/>
						<line hits="1" number="20"/>
						<line hits="1" number="31"/>
						<line hits="1" number="33"/>
						<line hits="1" number="34"/>
						<line hits="1" number="36"/>
						<line hits="1" number="37"/>
						<line hits="1" number="38"/>
						<line hits="1" number="41"/>
						<line hits="1" number="45"/>
						<line hits="1" number="46"/>
						<line hits="1" number="47"/>
						<line hits="1" number="48"/>
						<line hits="1" number="50"/>
						<line hits="1" number="51"/>
						<line hits="1" number="52"/>
						<line hits="1" number="53"/>
						<line hits="1" number="55"/>
						<line hits="1" number="56"/>
						<line hits="1" number="57"/>
					</lines>
				</class>
				<class branch-rate="0.625" complexity="0" filename="container/samplecontainer.py" line-rate="0.898"
					   name="samplecontainer.py">
					<methods/>
					<lines>
						<line hits="1" number="2"/>
						<line hits="1" number="3"/>
						<line hits="1" number="4"/>
						<line hits="1" number="5"/>
						<line hits="1" number="7"/>
						<line hits="1" number="8"/>
						<line hits="1" number="9"/>
						<line hits="1" number="12"/>
						<line hits="1" number="16"/>
						<line hits="1" number="25"/>
						<line hits="1" number="27"/>
						<line hits="1" number="28"/>
						<line hits="1" number="29"/>
						<line hits="1" number="30"/>
						<line hits="1" number="31"/>
						<line hits="1" number="32"/>
						<line hits="1" number="33"/>
						<line hits="1" number="34"/>
						<line hits="1" number="37"/>
						<line hits="1" number="39"/>
						<line hits="1" number="41"/>
						<line hits="1" number="43"/>
						<line hits="1" number="45"/>
						<line hits="1" number="46"/>
						<line hits="1" number="47"/>
						<line hits="1" number="48"/>
						<line hits="1" number="51"/>
						<line hits="1" number="53"/>
						<line hits="1" number="61"/>
						<line hits="1" number="62"/>
						<line hits="1" number="75"/>
						<line hits="1" number="85"/>
						<line hits="1" number="86"/>
						<line hits="1" number="87"/>
						<line hits="1" number="88"/>
						<line hits="1" number="96"/>
						<line hits="1" number="97"/>
						<line hits="1" number="98"/>
						<line hits="1" number="100"/>
						<line hits="1" number="101"/>
						<line hits="1" number="102"/>
						<line hits="1" number="106"/>
						<line hits="1" number="107"/>
						<line hits="1" number="108"/>
						<line hits="1" number="109"/>
						<line hits="1" number="111"/>
						<line hits="1" number="113"/>
						<line hits="1" number="118"/>
						<line hits="1" number="122"/>
						<line hits="1" number="129"/>
						<line hits="1" number="130"/>
						<line hits="1" number="131"/>
						<line hits="1" number="132"/>
						<line hits="1" number="133"/>
						<line hits="1" number="135"/>
						<line hits="1" number="146"/>
						<line hits="1" number="147"/>
						<line hits="1" number="148"/>
						<line hits="1" number="149"/>
						<line hits="1" number="150"/>
						<line hits="1" number="152"/>
						<line hits="1" number="153"/>
						<line hits="1" number="154"/>
						<line hits="1" number="155"/>
						<line hits="1" number="157"/>
						<line hits="1" number="164"/>
						<line hits="1" number="165"/>
						<line hits="1" number="166"/>
						<line hits="1" number="167"/>
						<line hits="1" number="168"/>
						<line hits="1" number="169"/>
						<line hits="1" number="171"/>
						<line branch="true" condition-coverage="50% (1/2)" hits="1" missing-branches="181"
							  number="178"/>
						<line hits="1" number="179"/>
						<line hits="0" number="181"/>
						<line hits="1" number="183"/>
						<line hits="1" number="185"/>
						<line hits="1" number="193"/>
						<line hits="1" number="194"/>
						<line hits="1" number="197"/>
						<line hits="1" number="204"/>
						<line hits="1" number="205"/>
						<line hits="1" number="207"/>
						<line hits="1" number="208"/>
						<line hits="1" number="209"/>
						<line hits="1" number="210"/>
						<line hits="1" number="212"/>
						<line hits="1" number="213"/>
						<line hits="1" number="214"/>
						<line hits="1" number="216"/>
						<line hits="1" number="217"/>
						<line hits="1" number="218"/>
						<line hits="1" number="220"/>
						<line hits="1" number="221"/>
						<line hits="1" number="224"/>
						<line hits="1" number="225"/>
						<line hits="1" number="239"/>
						<line hits="1" number="240"/>
						<line hits="1" number="241"/>
						<line hits="1" number="242"/>
						<line hits="1" number="243"/>
						<line hits="1" number="244"/>
						<line hits="1" number="245"/>
						<line hits="1" number="246"/>
						<line hits="1" number="247"/>
						<line branch="true" condition-coverage="100% (2/2)" hits="1" number="249"/>
						<line hits="1" number="250"/>
						<line hits="1" number="253"/>
						<line hits="1" number="257"/>
						<line hits="1" number="258"/>
						<line hits="1" number="259"/>
						<line hits="1" number="260"/>
						<line hits="1" number="262"/>
						<line hits="1" number="263"/>
						<line hits="1" number="265"/>
						<line hits="1" number="267"/>
						<line hits="1" number="271"/>
						<line hits="1" number="273"/>
						<line hits="1" number="274"/>
						<line hits="1" number="278"/>
						<line hits="1" number="280"/>
						<line hits="1" number="281"/>
						<line hits="1" number="284"/>
						<line hits="1" number="286"/>
						<line hits="1" number="293"/>
						<line hits="1" number="295"/>
						<line hits="1" number="302"/>
						<line hits="1" number="304"/>
						<line hits="1" number="306"/>
						<line hits="1" number="310"/>
						<line hits="1" number="312"/>
						<line hits="1" number="313"/>
						<line hits="1" number="315"/>
						<line hits="1" number="316"/>
						<line hits="1" number="318"/>
						<line hits="0" number="328"/>
						<line hits="0" number="330"/>
						<line hits="1" number="332"/>
						<line hits="1" number="342"/>
						<line hits="1" number="344"/>
						<line hits="1" number="350"/>
						<line hits="1" number="351"/>
						<line hits="1" number="352"/>
						<line hits="1" number="353"/>
						<line hits="1" number="355"/>
						<line hits="1" number="357"/>
						<line hits="1" number="361"/>
						<line hits="1" number="364"/>
						<line hits="1" number="365"/>
						<line branch="true" condition-coverage="100% (2/2)" hits="1" number="368"/>
						<line hits="1" number="370"/>
						<line hits="1" number="371"/>
						<line hits="1" number="373"/>
						<line hits="1" number="375"/>
						<line hits="1" number="376"/>
						<line hits="1" number="377"/>
						<line hits="1" number="378"/>
						<line hits="1" number="379"/>
						<line hits="1" number="381"/>
						<line hits="1" number="382"/>
						<line hits="1" number="383"/>
						<line hits="1" number="385"/>
						<line hits="1" number="386"/>
						<line hits="1" number="388"/>
						<line hits="1" number="389"/>
						<line hits="1" number="391"/>
						<line hits="1" number="392"/>
						<line hits="1" number="394"/>
						<line hits="1" number="399"/>
						<line hits="1" number="401"/>
						<line hits="1" number="402"/>
						<line hits="1" number="403"/>
						<line hits="1" number="404"/>
						<line hits="1" number="406"/>
						<line hits="0" number="411"/>
						<line hits="0" number="412"/>
						<line hits="0" number="413"/>
						<line hits="0" number="414"/>
						<line hits="0" number="415"/>
						<line hits="0" number="416"/>
						<line hits="0" number="417"/>
						<line hits="0" number="418"/>
						<line branch="true" condition-coverage="0% (0/2)" hits="0" missing-branches="exit,421"
							  number="420"/>
						<line hits="0" number="421"/>
						<line hits="0" number="422"/>
						<line hits="0" number="423"/>
						<line hits="0" number="424"/>
						<line hits="0" number="425"/>
						<line hits="0" number="426"/>
						<line hits="0" number="427"/>
						<line hits="0" number="428"/>
						<line hits="1" number="434"/>
						<line hits="1" number="435"/>
						<line hits="1" number="436"/>
						<line hits="1" number="437"/>
						<line hits="1" number="438"/>
					</lines>
				</class>
				<class branch-rate="1" complexity="0" filename="container/samplecontainer_batch_OARV.py"
					   line-rate="0.9074" name="samplecontainer_batch_OARV.py">
					<methods/>
					<lines>
						<line hits="1" number="2"/>
						<line hits="1" number="4"/>
						<line hits="1" number="6"/>
						<line hits="1" number="8"/>
						<line hits="1" number="9"/>
						<line hits="1" number="10"/>
						<line hits="1" number="13"/>
						<line hits="1" number="18"/>
						<line hits="1" number="27"/>
						<line hits="1" number="30"/>
						<line hits="1" number="31"/>
						<line hits="1" number="33"/>
						<line hits="1" number="35"/>
						<line hits="1" number="36"/>
						<line hits="1" number="38"/>
						<line hits="1" number="46"/>
						<line hits="1" number="48"/>
						<line hits="1" number="50"/>
						<line hits="1" number="58"/>
						<line hits="1" number="68"/>
						<line hits="1" number="69"/>
						<line hits="1" number="70"/>
						<line hits="1" number="72"/>
						<line hits="1" number="75"/>
						<line hits="1" number="76"/>
						<line hits="1" number="78"/>
						<line hits="0" number="87"/>
						<line hits="0" number="88"/>
						<line hits="0" number="89"/>
						<line hits="1" number="91"/>
						<line hits="1" number="99"/>
						<line hits="1" number="101"/>
						<line hits="1" number="109"/>
						<line hits="1" number="110"/>
						<line hits="1" number="112"/>
						<line hits="1" number="113"/>
						<line hits="1" number="114"/>
						<line hits="1" number="115"/>
						<line hits="1" number="118"/>
						<line hits="1" number="119"/>
						<line hits="1" number="133"/>
						<line hits="1" number="134"/>
						<line hits="1" number="136"/>
						<line hits="1" number="137"/>
						<line hits="1" number="139"/>
						<line hits="1" number="141"/>
						<line hits="1" number="143"/>
						<line hits="0" number="152"/>
						<line hits="0" number="153"/>
						<line hits="1" number="155"/>
						<line hits="1" number="167"/>
						<line hits="1" number="172"/>
						<line hits="1" number="175"/>
						<line hits="1" number="176"/>
					</lines>
				</class>
				<class branch-rate="1" complexity="0" filename="container/samplecontainer_batch_advantage.py"
					   line-rate="0" name="samplecontainer_batch_advantage.py">
					<methods/>
[...]
						<line hits="1" number="38"/>
						<line hits="1" number="41"/>
						<line hits="1" number="42"/>
						<line hits="1" number="43"/>
						<line hits="1" number="45"/>
						<line hits="0" number="47"/>
						<line hits="1" number="49"/>
						<line hits="1" number="58"/>
						<line hits="1" number="61"/>
						<line hits="1" number="70"/>
						<line hits="1" number="80"/>
						<line hits="1" number="82"/>
						<line hits="1" number="83"/>
						<line hits="1" number="85"/>
						<line hits="1" number="86"/>
						<line hits="1" number="87"/>
						<line hits="1" number="88"/>
						<line hits="1" number="89"/>
						<line hits="1" number="91"/>
						<line hits="1" number="92"/>
						<line hits="1" number="94"/>
						<line hits="1" number="98"/>
						<line hits="1" number="102"/>
						<line hits="1" number="103"/>
						<line hits="1" number="104"/>
						<line hits="1" number="105"/>
						<line hits="1" number="107"/>
						<line hits="0" number="108"/>
						<line hits="1" number="110"/>
						<line hits="1" number="113"/>
						<line hits="1" number="115"/>
						<line hits="1" number="118"/>
						<line hits="1" number="119"/>
						<line hits="1" number="121"/>
						<line hits="1" number="122"/>
						<line hits="1" number="123"/>
						<line hits="1" number="124"/>
						<line hits="1" number="126"/>
						<line hits="0" number="127"/>
						<line hits="1" number="129"/>
						<line hits="0" number="130"/>
						<line hits="1" number="132"/>
						<line hits="1" number="133"/>
						<line hits="1" number="134"/>
						<line hits="1" number="135"/>
						<line hits="1" number="137"/>
						<line hits="1" number="145"/>
						<line hits="1" number="153"/>
						<line hits="1" number="154"/>
						<line hits="1" number="156"/>
						<line hits="1" number="157"/>
						<line hits="1" number="159"/>
						<line hits="1" number="161"/>
						<line hits="1" number="162"/>
						<line hits="1" number="164"/>
						<line hits="1" number="165"/>
						<line hits="1" number="166"/>
						<line hits="1" number="169"/>
						<line hits="1" number="170"/>
						<line hits="1" number="188"/>
						<line hits="1" number="189"/>
						<line hits="1" number="190"/>
						<line hits="1" number="192"/>
						<line hits="1" number="193"/>
						<line hits="1" number="195"/>
						<line hits="1" number="196"/>
						<line hits="1" number="198"/>
						<line hits="1" number="200"/>
						<line hits="1" number="204"/>
						<line hits="1" number="206"/>
						<line hits="0" number="216"/>
						<line hits="0" number="219"/>
						<line hits="1" number="221"/>
						<line hits="1" number="228"/>
						<line hits="1" number="229"/>
						<line hits="1" number="230"/>
						<line hits="1" number="232"/>
						<line hits="1" number="248"/>
						<line hits="1" number="249"/>
						<line hits="1" number="251"/>
						<line hits="0" number="253"/>
						<line hits="0" number="257"/>
						<line hits="1" number="260"/>
						<line hits="1" number="261"/>
						<line hits="1" number="264"/>
						<line hits="1" number="265"/>
						<line hits="1" number="266"/>
						<line hits="1" number="267"/>
						<line hits="1" number="268"/>
						<line hits="1" number="270"/>
						<line hits="1" number="275"/>
						<line hits="1" number="278"/>
						<line hits="1" number="279"/>
						<line hits="1" number="281"/>
						<line hits="1" number="282"/>
						<line hits="1" number="283"/>
						<line hits="1" number="284"/>
						<line hits="1" number="285"/>
					</lines>
				</class>
				<class branch-rate="1" complexity="0" filename="container/samplecontainer_online_mini_batch_OAnORV.py"
					   line-rate="0.9624" name="samplecontainer_online_mini_batch_OAnORV.py">
					<methods/>
					<lines>
						<line hits="1" number="2"/>
						<line hits="1" number="4"/>
						<line hits="1" number="5"/>
						<line hits="1" number="6"/>
						<line hits="1" number="8"/>
						<line hits="1" number="10"/>
						<line hits="1" number="11"/>
						<line hits="1" number="12"/>
						<line branch="true" condition-coverage="100% (2/2)" hits="1" number="14"/>
						<line hits="1" number="16"/>
						<line hits="1" number="18"/>
						<line hits="1" number="19"/>
						<line hits="1" number="20"/>
						<line hits="1" number="21"/>
						<line hits="1" number="22"/>
						<line hits="1" number="25"/>
						<line hits="1" number="30"/>
						<line hits="1" number="41"/>
						<line hits="1" number="44"/>
						<line hits="1" number="45"/>
						<line hits="1" number="46"/>
						<line hits="1" number="47"/>
						<line hits="1" number="49"/>
						<line hits="0" number="51"/>
						<line hits="1" number="55"/>
						<line hits="1" number="63"/>
						<line hits="1" number="65"/>
						<line hits="1" number="67"/>
						<line hits="1" number="78"/>
						<line hits="1" number="88"/>
						<line hits="1" number="90"/>
						<line hits="1" number="91"/>
						<line hits="1" number="92"/>
						<line hits="1" number="94"/>
						<line hits="1" number="95"/>
						<line hits="1" number="96"/>
						<line hits="1" number="97"/>
						<line hits="1" number="98"/>
						<line hits="1" number="99"/>
						<line hits="1" number="101"/>
						<line hits="1" number="102"/>
						<line hits="1" number="104"/>
						<line hits="1" number="108"/>
						<line hits="1" number="112"/>
						<line hits="1" number="113"/>
						<line hits="1" number="114"/>
						<line hits="1" number="115"/>
						<line hits="1" number="116"/>
						<line hits="1" number="118"/>
						<line hits="1" number="124"/>
						<line hits="1" number="125"/>
						<line hits="1" number="127"/>
						<line hits="1" number="128"/>
						<line hits="1" number="130"/>
						<line hits="1" number="131"/>
						<line hits="1" number="133"/>
						<line hits="1" number="136"/>
						<line hits="1" number="140"/>
						<line hits="1" number="142"/>
						<line hits="1" number="146"/>
						<line hits="1" number="147"/>
						<line hits="1" number="149"/>
						<line hits="1" number="150"/>
						<line hits="1" number="151"/>
						<line hits="1" number="152"/>
						<line hits="1" number="153"/>
						<line hits="1" number="155"/>
						<line hits="1" number="161"/>
						<line hits="1" number="162"/>
						<line hits="1" number="164"/>
						<line hits="1" number="165"/>
						<line hits="1" number="167"/>
						<line hits="1" number="168"/>
						<line hits="1" number="169"/>
						<line hits="1" number="170"/>
						<line hits="1" number="172"/>
						<line hits="1" number="180"/>
						<line hits="1" number="182"/>
						<line hits="1" number="192"/>
						<line hits="1" number="193"/>
						<line hits="1" number="195"/>
						<line hits="1" number="196"/>
						<line hits="1" number="198"/>
						<line hits="1" number="199"/>
						<line hits="1" number="201"/>
						<line hits="1" number="202"/>
						<line hits="1" number="204"/>
						<line hits="1" number="205"/>
						<line hits="1" number="206"/>
						<line hits="1" number="207"/>
						<line hits="1" number="210"/>
						<line hits="1" number="211"/>
						<line hits="1" number="229"/>
						<line hits="1" number="230"/>
						<line hits="1" number="231"/>
						<line hits="1" number="232"/>
						<line hits="1" number="234"/>
						<line hits="1" number="235"/>
						<line hits="1" number="237"/>
						<line hits="1" number="238"/>
						<line hits="1" number="239"/>
						<line hits="1" number="241"/>
						<line hits="1" number="243"/>
						<line hits="1" number="247"/>
						<line hits="1" number="249"/>
						<line hits="0" number="258"/>
						<line hits="0" number="259"/>
						<line hits="1" number="261"/>
						<line hits="1" number="268"/>
						<line hits="1" number="269"/>
						<line hits="1" number="270"/>
						<line hits="1" number="272"/>
						<line hits="1" number="288"/>
						<line hits="1" number="289"/>
						<line hits="1" number="291"/>
						<line hits="0" number="293"/>
						<line hits="0" number="297"/>
						<line hits="1" number="300"/>
						<line hits="1" number="301"/>
						<line hits="1" number="304"/>
						<line hits="1" number="305"/>
						<line hits="1" number="306"/>
						<line hits="1" number="307"/>
						<line hits="1" number="308"/>
						<line hits="1" number="310"/>
						<line hits="1" number="315"/>
						<line hits="1" number="318"/>
						<line hits="1" number="319"/>
						<line hits="1" number="321"/>
						<line hits="1" number="322"/>
						<line hits="1" number="323"/>
						<line hits="1" number="324"/>
						<line hits="1" number="325"/>
					</lines>
				</class>
				<class branch-rate="0.7917" complexity="0" filename="container/trajectories_pool.py" line-rate="0.9048"
					   name="trajectories_pool.py">
					<methods/>
					<lines>
						<line hits="1" number="2"/>
						<line hits="1" number="3"/>
						<line hits="1" number="5"/>
						<line hits="1" number="6"/>
						<line hits="1" number="8"/>
						<line hits="1" number="10"/>
						<line hits="1" number="12"/>
						<line hits="1" number="15"/>
						<line hits="1" number="16"/>
						<line hits="1" number="18"/>
						<line hits="1" number="19"/>
						<line hits="1" number="21"/>
						<line hits="1" number="22"/>
						<line hits="1" number="23"/>
						<line hits="1" number="24"/>
						<line hits="1" number="25"/>
						<line hits="1" number="27"/>
						<line hits="1" number="29"/>
						<line hits="1" number="30"/>
						<line hits="1" number="31"/>
						<line hits="1" number="32"/>
						<line hits="1" number="33"/>
						<line hits="1" number="46"/>
						<line hits="0" number="47"/>
						<line hits="1" number="50"/>
						<line hits="0" number="51"/>
						<line hits="0" number="54"/>
						<line hits="1" number="57"/>
						<line hits="1" number="58"/>
						<line hits="1" number="60"/>
						<line branch="true" condition-coverage="100% (2/2)" hits="1" number="61"/>
						<line branch="true" condition-coverage="100% (2/2)" hits="1" number="62"/>
						<line branch="true" condition-coverage="100% (2/2)" hits="1" number="63"/>
						<line branch="true" condition-coverage="100% (2/2)" hits="1" number="65"/>
						<line branch="true" condition-coverage="100% (2/2)" hits="1" number="66"/>
						<line hits="1" number="67"/>
						<line hits="1" number="69"/>
						<line hits="1" number="71"/>
						<line hits="1" number="72"/>
						<line hits="1" number="73"/>
						<line hits="1" number="74"/>
						<line hits="1" number="75"/>
						<line hits="1" number="76"/>
						<line hits="1" number="77"/>
						<line hits="1" number="79"/>
						<line hits="0" number="80"/>
						<line hits="1" number="82"/>
						<line hits="0" number="83"/>
						<line hits="0" number="86"/>
						<line hits="1" number="88"/>
						<line branch="true" condition-coverage="0% (0/2)" hits="0" missing-branches="exit,90"
							  number="89"/>
						<line hits="0" number="90"/>
						<line hits="1" number="92"/>
						<line branch="true" condition-coverage="0% (0/2)" hits="0" missing-branches="exit,94"
							  number="93"/>
						<line hits="0" number="94"/>
						<line hits="1" number="96"/>
						<line hits="1" number="97"/>
						<line branch="true" condition-coverage="100% (2/2)" hits="1" number="98"/>
						<line hits="1" number="99"/>
						<line hits="1" number="101"/>
						<line hits="1" number="115"/>
						<line hits="1" number="117"/>
						<line branch="true" condition-coverage="100% (2/2)" hits="1" number="124"/>
						<line hits="1" number="125"/>
						<line hits="1" number="126"/>
						<line hits="1" number="127"/>
						<line hits="1" number="128"/>
						<line hits="1" number="129"/>
						<line hits="1" number="130"/>
						<line hits="1" number="132"/>
						<line hits="1" number="137"/>
						<line hits="1" number="143"/>
						<line branch="true" condition-coverage="100% (2/2)" hits="1" number="145"/>
						<line hits="1" number="146"/>
						<line hits="1" number="148"/>
						<line branch="true" condition-coverage="100% (2/2)" hits="1" number="149"/>
						<line hits="1" number="150"/>
						<line branch="true" condition-coverage="50% (1/2)" hits="1" missing-branches="153"
							  number="152"/>
						<line hits="0" number="153"/>
						<line hits="0" number="154"/>
						<line hits="1" number="155"/>
						<line hits="1" number="157"/>
						<line hits="1" number="158"/>
						<line hits="1" number="159"/>
						<line hits="1" number="161"/>
						<line hits="1" number="162"/>
						<line hits="1" number="163"/>
						<line hits="1" number="165"/>
						<line hits="1" number="166"/>
						<line hits="1" number="167"/>
						<line hits="1" number="168"/>
						<line hits="1" number="171"/>
						<line hits="1" number="173"/>
						<line hits="1" number="174"/>
						<line hits="1" number="175"/>
						<line hits="1" number="176"/>
						<line hits="1" number="177"/>
						<line hits="1" number="178"/>
						<line hits="1" number="180"/>
						<line hits="1" number="181"/>
						<line hits="1" number="182"/>
						<line hits="1" number="184"/>
						<line hits="1" number="185"/>
						<line hits="1" number="187"/>
						<line hits="1" number="188"/>
						<line hits="1" number="190"/>
						<line hits="1" number="200"/>
						<line hits="1" number="202"/>
						<line hits="1" number="203"/>
						<line hits="1" number="204"/>
						<line hits="1" number="205"/>
						<line hits="1" number="207"/>
						<line hits="1" number="208"/>
						<line hits="1" number="210"/>
						<line hits="1" number="219"/>
						<line hits="1" number="220"/>
						<line hits="1" number="221"/>
						<line hits="1" number="222"/>
						<line hits="1" number="223"/>
						<line hits="1" number="225"/>
						<line hits="1" number="226"/>
						<line hits="1" number="227"/>
						<line hits="1" number="229"/>
						<line hits="1" number="230"/>
						<line hits="1" number="231"/>
						<line hits="1" number="232"/>
					</lines>
				</class>
			</classes>
		</package>
		<package branch-rate="0.8333" complexity="0" line-rate="0.9669" name="logger">
			<classes>
				<class branch-rate="1" complexity="0" filename="logger/basic_trajectory_logger.py" line-rate="1"
					   name="basic_trajectory_logger.py">
					<methods/>
					<lines>
						<line hits="1" number="2"/>
						<line branch="true" condition-coverage="100% (2/2)" hits="1" number="5"/>
						<line hits="1" number="7"/>
						<line hits="1" number="8"/>
						<line hits="1" number="10"/>
						<line hits="1" number="11"/>
						<line hits="1" number="12"/>
						<line hits="1" number="13"/>
						<line hits="1" number="15"/>
						<line hits="1" number="16"/>
						<line hits="1" number="17"/>
					</lines>
				</class>
				<class branch-rate="0.75" complexity="0" filename="logger/epoch_metric_logger.py" line-rate="0.9643"
					   name="epoch_metric_logger.py">
					<methods/>
					<lines>
						<line hits="1" number="2"/>
						<line hits="1" number="3"/>
						<line hits="1" number="5"/>
						<line branch="true" condition-coverage="100% (2/2)" hits="1" number="23"/>
						<line hits="1" number="25"/>
						<line hits="1" number="26"/>
						<line hits="1" number="27"/>
						<line hits="1" number="28"/>
						<line hits="1" number="29"/>
						<line hits="1" number="30"/>
						<line hits="1" number="31"/>
						<line hits="1" number="32"/>
						<line hits="1" number="33"/>
						<line hits="1" number="34"/>
						<line hits="1" number="35"/>
						<line hits="1" number="36"/>
						<line hits="1" number="37"/>
						<line hits="1" number="38"/>
						<line hits="1" number="39"/>
						<line hits="1" number="40"/>
						<line hits="1" number="41"/>
						<line hits="1" number="42"/>
						<line hits="1" number="44"/>
						<line hits="1" number="46"/>
						<line hits="1" number="47"/>
						<line hits="1" number="48"/>
						<line hits="1" number="49"/>
						<line hits="1" number="50"/>
						<line hits="1" number="51"/>
						<line hits="1" number="52"/>
						<line hits="1" number="53"/>
						<line hits="1" number="54"/>
						<line hits="1" number="55"/>
						<line hits="1" number="56"/>
						<line hits="1" number="57"/>
						<line hits="1" number="58"/>
						<line hits="1" number="59"/>
						<line hits="1" number="60"/>
						<line hits="1" number="61"/>
						<line hits="1" number="62"/>
						<line hits="1" number="63"/>
						<line hits="1" number="65"/>
						<line hits="1" number="66"/>
						<line hits="1" number="67"/>
						<line hits="1" number="68"/>
						<line hits="1" number="69"/>
						<line hits="1" number="71"/>
						<line hits="1" number="72"/>
						<line hits="1" number="73"/>
						<line hits="1" number="74"/>
						<line hits="1" number="75"/>
						<line hits="1" number="77"/>
						<line hits="1" number="78"/>
						<line hits="1" number="79"/>
						<line hits="1" number="80"/>
						<line hits="1" number="81"/>
						<line hits="1" number="82"/>
						<line hits="1" number="84"/>
						<line hits="1" number="85"/>
						<line hits="1" number="86"/>
						<line hits="1" number="87"/>
						<line hits="1" number="88"/>
						<line hits="1" number="90"/>
						<line hits="1" number="91"/>
						<line hits="1" number="92"/>
						<line hits="1" number="93"/>
						<line hits="1" number="94"/>
						<line hits="1" number="95"/>
						<line hits="1" number="97"/>
						<line hits="1" number="100"/>
						<line hits="1" number="101"/>
						<line hits="1" number="102"/>
						<line hits="1" number="103"/>
						<line hits="1" number="105"/>
						<line hits="0" number="106"/>
						<line hits="0" number="107"/>
						<line hits="1" number="110"/>
						<line hits="1" number="112"/>
						<line hits="1" number="114"/>
						<line hits="1" number="116"/>
						<line hits="1" number="118"/>
						<line hits="1" number="120"/>
						<line hits="1" number="122"/>
						<line hits="1" number="124"/>
						<line hits="1" number="126"/>
						<line hits="1" number="128"/>
						<line hits="1" number="130"/>
						<line hits="1" number="132"/>
						<line hits="1" number="134"/>
						<line hits="1" number="136"/>
						<line hits="1" number="138"/>
						<line hits="1" number="140"/>
						<line hits="1" number="142"/>
						<line hits="1" number="144"/>
						<line hits="1" number="146"/>
						<line hits="1" number="148"/>
						<line hits="1" number="150"/>
						<line hits="0" number="152"/>
						<line hits="1" number="154"/>
						<line hits="0" number="156"/>
						<line hits="1" number="158"/>
						<line hits="1" number="160"/>
						<line hits="1" number="162"/>
						<line hits="1" number="164"/>
						<line hits="1" number="166"/>
						<line hits="1" number="168"/>
						<line hits="1" number="170"/>
						<line hits="1" number="172"/>
						<line hits="1" number="174"/>
						<line hits="1" number="176"/>
						<line hits="1" number="178"/>
						<line hits="1" number="179"/>
						<line hits="1" number="180"/>
						<line hits="1" number="182"/>
						<line hits="1" number="183"/>
						<line hits="1" number="184"/>
						<line hits="1" number="185"/>
						<line hits="1" number="186"/>
						<line hits="1" number="187"/>
						<line hits="1" number="188"/>
						<line hits="1" number="189"/>
						<line hits="1" number="190"/>
						<line hits="1" number="191"/>
						<line hits="1" number="192"/>
						<line hits="1" number="193"/>
						<line hits="1" number="194"/>
						<line hits="1" number="195"/>
						<line hits="1" number="196"/>
						<line hits="1" number="197"/>
						<line hits="1" number="198"/>
						<line hits="1" number="200"/>
						<line hits="1" number="201"/>
						<line hits="1" number="202"/>
						<line hits="1" number="204"/>
						<line hits="1" number="205"/>
						<line hits="1" number="206"/>
						<line hits="1" number="208"/>
						<line branch="true" condition-coverage="50% (1/2)" hits="1" missing-branches="210"
							  number="209"/>
						<line hits="0" number="210"/>
						<line hits="1" number="212"/>
					</lines>
				</class>
			</classes>
		</package>
	</packages>
</coverage>
